<?xml version="1.0" encoding="UTF-8"?>
<testsuite xmlns:xsi="http://www.w3.org/2001/XMLSchema-instance" xsi:noNamespaceSchemaLocation="https://maven.apache.org/surefire/maven-surefire-plugin/xsd/surefire-test-report-3.0.xsd" version="3.0" name="org.acme.getting.started.async.GreetingResourceTest" time="9.038" tests="2" errors="0" skipped="0" failures="0">
  <properties>
[...]
</properties>
  <testcase name="testHelloEndpoint" classname="org.acme.getting.started.async.GreetingResourceTest" time="1.54">
    <system-out><![CDATA[Downloading from central: https://repo.maven.apache.org/maven2/io/quarkus/quarkus-resteasy-deployment/1.12.0.Final/quarkus-resteasy-deployment-1.12.0.Final.pom
Progress (1): quarkus-resteasy-deployment-1.12.0.Final.pom (2.7/3.8 kB)Progress (1): quarkus-resteasy-deployment-1.12.0.Final.pom (3.8 kB)                                                                       Downloaded from central: https://repo.maven.apache.org/maven2/io/quarkus/quarkus-resteasy-deployment/1.12.0.Final/quarkus-resteasy-deployment-1.12.0.Final.pom (3.8 kB at 6.3 kB/s)
Downloading from central: https://repo.maven.apache.org/maven2/io/quarkus/quarkus-resteasy-server-common-deployment/1.12.0.Final/quarkus-resteasy-server-common-deployment-1.12.0.Final.pom
Progress (1): quarkus-resteasy-server-common-deployment-1.12.0.Final.pom (2.2 kB)                                                                                 Downloaded from central: https://repo.maven.apache.org/maven2/io/quarkus/quarkus-resteasy-server-common-deployment/1.12.0.Final/quarkus-resteasy-server-common-deployment-1.12.0.Final.pom (2.2 kB at 43 kB/s)
Downloading from central: https://repo.maven.apache.org/maven2/io/quarkus/quarkus-resteasy-common-deployment/1.12.0.Final/quarkus-resteasy-common-deployment-1.12.0.Final.pom
Progress (1): quarkus-resteasy-common-deployment-1.12.0.Final.pom (1.8 kB)                                                                          Downloaded from central: https://repo.maven.apache.org/maven2/io/quarkus/quarkus-resteasy-common-deployment/1.12.0.Final/quarkus-resteasy-common-deployment-1.12.0.Final.pom (1.8 kB at 35 kB/s)
Downloading from central: https://repo.maven.apache.org/maven2/io/quarkus/quarkus-resteasy-common-spi/1.12.0.Final/quarkus-resteasy-common-spi-1.12.0.Final.pom
Progress (1): quarkus-resteasy-common-spi-1.12.0.Final.pom (777 B)                                                                  Downloaded from central: https://repo.maven.apache.org/maven2/io/quarkus/quarkus-resteasy-common-spi/1.12.0.Final/quarkus-resteasy-common-spi-1.12.0.Final.pom (777 B at 16 kB/s)
Downloading from central: https://repo.maven.apache.org/maven2/io/quarkus/quarkus-arc-deployment/1.12.0.Final/quarkus-arc-deployment-1.12.0.Final.pom
Progress (1): quarkus-arc-deployment-1.12.0.Final.pom (2.2 kB)                                                              Downloaded from central: https://repo.maven.apache.org/maven2/io/quarkus/quarkus-arc-deployment/1.12.0.Final/quarkus-arc-deployment-1.12.0.Final.pom (2.2 kB at 42 kB/s)
Downloading from central: https://repo.maven.apache.org/maven2/io/quarkus/quarkus-vertx-http-dev-console-spi/1.12.0.Final/quarkus-vertx-http-dev-console-spi-1.12.0.Final.pom
Progress (1): quarkus-vertx-http-dev-console-spi-1.12.0.Final.pom (1.3 kB)                                                                          Downloaded from central: https://repo.maven.apache.org/maven2/io/quarkus/quarkus-vertx-http-dev-console-spi/1.12.0.Final/quarkus-vertx-http-dev-console-spi-1.12.0.Final.pom (1.3 kB at 21 kB/s)
Downloading from central: https://repo.maven.apache.org/maven2/io/quarkus/arc/arc-processor/1.12.0.Final/arc-processor-1.12.0.Final.pom
Progress (1): arc-processor-1.12.0.Final.pom (1.7 kB)                                                     Downloaded from central: https://repo.maven.apache.org/maven2/io/quarkus/arc/arc-processor/1.12.0.Final/arc-processor-1.12.0.Final.pom (1.7 kB at 36 kB/s)
Downloading from central: https://repo.maven.apache.org/maven2/io/quarkus/quarkus-resteasy-server-common-spi/1.12.0.Final/quarkus-resteasy-server-common-spi-1.12.0.Final.pom
Progress (1): quarkus-resteasy-server-common-spi-1.12.0.Final.pom (890 B)                                                                         Downloaded from central: https://repo.maven.apache.org/maven2/io/quarkus/quarkus-resteasy-server-common-spi/1.12.0.Final/quarkus-resteasy-server-common-spi-1.12.0.Final.pom (890 B at 17 kB/s)
Downloading from central: https://repo.maven.apache.org/maven2/io/quarkus/quarkus-undertow-spi/1.12.0.Final/quarkus-undertow-spi-1.12.0.Final.pom
Progress (1): quarkus-undertow-spi-1.12.0.Final.pom (2.0 kB)                                                            Downloaded from central: https://repo.maven.apache.org/maven2/io/quarkus/quarkus-undertow-spi/1.12.0.Final/quarkus-undertow-spi-1.12.0.Final.pom (2.0 kB at 41 kB/s)
Downloading from central: https://repo.maven.apache.org/maven2/io/quarkus/quarkus-http-parent/1.12.0.Final/quarkus-http-parent-1.12.0.Final.pom
Progress (1): quarkus-http-parent-1.12.0.Final.pom (770 B)                                                          Downloaded from central: https://repo.maven.apache.org/maven2/io/quarkus/quarkus-http-parent/1.12.0.Final/quarkus-http-parent-1.12.0.Final.pom (770 B at 18 kB/s)
Downloading from central: https://repo.maven.apache.org/maven2/io/quarkus/quarkus-vertx-http-deployment/1.12.0.Final/quarkus-vertx-http-deployment-1.12.0.Final.pom
Progress (1): quarkus-vertx-http-deployment-1.12.0.Final.pom (2.7/9.1 kB)Progress (1): quarkus-vertx-http-deployment-1.12.0.Final.pom (5.5/9.1 kB)Progress (1): quarkus-vertx-http-deployment-1.12.0.Final.pom (8.2/9.1 kB)Progress (1): quarkus-vertx-http-deployment-1.12.0.Final.pom (9.1 kB)                                                                         Downloaded from central: https://repo.maven.apache.org/maven2/io/quarkus/quarkus-vertx-http-deployment/1.12.0.Final/quarkus-vertx-http-deployment-1.12.0.Final.pom (9.1 kB at 193 kB/s)
Downloading from central: https://repo.maven.apache.org/maven2/io/quarkus/quarkus-vertx-core-deployment/1.12.0.Final/quarkus-vertx-core-deployment-1.12.0.Final.pom
Progress (1): quarkus-vertx-core-deployment-1.12.0.Final.pom (2.3 kB)                                                                     Downloaded from central: https://repo.maven.apache.org/maven2/io/quarkus/quarkus-vertx-core-deployment/1.12.0.Final/quarkus-vertx-core-deployment-1.12.0.Final.pom (2.3 kB at 46 kB/s)
Downloading from central: https://repo.maven.apache.org/maven2/io/quarkus/quarkus-netty-deployment/1.12.0.Final/quarkus-netty-deployment-1.12.0.Final.pom
Progress (1): quarkus-netty-deployment-1.12.0.Final.pom (1.6 kB)                                                                Downloaded from central: https://repo.maven.apache.org/maven2/io/quarkus/quarkus-netty-deployment/1.12.0.Final/quarkus-netty-deployment-1.12.0.Final.pom (1.6 kB at 34 kB/s)
Downloading from central: https://repo.maven.apache.org/maven2/io/quarkus/quarkus-kubernetes-spi/1.12.0.Final/quarkus-kubernetes-spi-1.12.0.Final.pom
Progress (1): quarkus-kubernetes-spi-1.12.0.Final.pom (1.2 kB)                                                              Downloaded from central: https://repo.maven.apache.org/maven2/io/quarkus/quarkus-kubernetes-spi/1.12.0.Final/quarkus-kubernetes-spi-1.12.0.Final.pom (1.2 kB at 24 kB/s)
Downloading from central: https://repo.maven.apache.org/maven2/io/quarkus/quarkus-kubernetes-parent/1.12.0.Final/quarkus-kubernetes-parent-1.12.0.Final.pom
Progress (1): quarkus-kubernetes-parent-1.12.0.Final.pom (810 B)                                                                Downloaded from central: https://repo.maven.apache.org/maven2/io/quarkus/quarkus-kubernetes-parent/1.12.0.Final/quarkus-kubernetes-parent-1.12.0.Final.pom (810 B at 16 kB/s)
Downloading from central: https://repo.maven.apache.org/maven2/io/quarkus/quarkus-security-spi/1.12.0.Final/quarkus-security-spi-1.12.0.Final.pom
Progress (1): quarkus-security-spi-1.12.0.Final.pom (1.5 kB)                                                            Downloaded from central: https://repo.maven.apache.org/maven2/io/quarkus/quarkus-security-spi/1.12.0.Final/quarkus-security-spi-1.12.0.Final.pom (1.5 kB at 33 kB/s)
Downloading from central: https://repo.maven.apache.org/maven2/io/quarkus/quarkus-resteasy-mutiny-deployment/1.12.0.Final/quarkus-resteasy-mutiny-deployment-1.12.0.Final.pom
Progress (1): quarkus-resteasy-mutiny-deployment-1.12.0.Final.pom (2.7/2.8 kB)Progress (1): quarkus-resteasy-mutiny-deployment-1.12.0.Final.pom (2.8 kB)                                                                              Downloaded from central: https://repo.maven.apache.org/maven2/io/quarkus/quarkus-resteasy-mutiny-deployment/1.12.0.Final/quarkus-resteasy-mutiny-deployment-1.12.0.Final.pom (2.8 kB at 57 kB/s)
Downloading from central: https://repo.maven.apache.org/maven2/io/quarkus/quarkus-resteasy-mutiny-common-deployment/1.12.0.Final/quarkus-resteasy-mutiny-common-deployment-1.12.0.Final.pom
Progress (1): quarkus-resteasy-mutiny-common-deployment-1.12.0.Final.pom (1.7 kB)                                                                                 Downloaded from central: https://repo.maven.apache.org/maven2/io/quarkus/quarkus-resteasy-mutiny-common-deployment/1.12.0.Final/quarkus-resteasy-mutiny-common-deployment-1.12.0.Final.pom (1.7 kB at 33 kB/s)
Downloading from central: https://repo.maven.apache.org/maven2/io/quarkus/quarkus-mutiny-deployment/1.12.0.Final/quarkus-mutiny-deployment-1.12.0.Final.pom
Progress (1): quarkus-mutiny-deployment-1.12.0.Final.pom (2.0 kB)                                                                 Downloaded from central: https://repo.maven.apache.org/maven2/io/quarkus/quarkus-mutiny-deployment/1.12.0.Final/quarkus-mutiny-deployment-1.12.0.Final.pom (2.0 kB at 45 kB/s)
Downloading from central: https://repo.maven.apache.org/maven2/io/quarkus/quarkus-smallrye-context-propagation-deployment/1.12.0.Final/quarkus-smallrye-context-propagation-deployment-1.12.0.Final.pom
Progress (1): quarkus-smallrye-context-propagation-deployment-1.12.0.Final.pom (1.7 kB)                                                                                       Downloaded from central: https://repo.maven.apache.org/maven2/io/quarkus/quarkus-smallrye-context-propagation-deployment/1.12.0.Final/quarkus-smallrye-context-propagation-deployment-1.12.0.Final.pom (1.7 kB at 36 kB/s)
Downloading from central: https://repo.maven.apache.org/maven2/io/quarkus/quarkus-resteasy-common-spi/1.12.0.Final/quarkus-resteasy-common-spi-1.12.0.Final.jar
Downloading from central: https://repo.maven.apache.org/maven2/io/quarkus/quarkus-resteasy-common-deployment/1.12.0.Final/quarkus-resteasy-common-deployment-1.12.0.Final.jar
Downloading from central: https://repo.maven.apache.org/maven2/io/quarkus/quarkus-resteasy-server-common-spi/1.12.0.Final/quarkus-resteasy-server-common-spi-1.12.0.Final.jar
Downloading from central: https://repo.maven.apache.org/maven2/io/quarkus/quarkus-resteasy-server-common-deployment/1.12.0.Final/quarkus-resteasy-server-common-deployment-1.12.0.Final.jar
Downloading from central: https://repo.maven.apache.org/maven2/io/quarkus/quarkus-undertow-spi/1.12.0.Final/quarkus-undertow-spi-1.12.0.Final.jar
Progress (1): quarkus-resteasy-common-deployment-1.12.0.Final.jar (2.7/22 kB)Progress (1): quarkus-resteasy-common-deployment-1.12.0.Final.jar (5.5/22 kB)Progress (1): quarkus-resteasy-common-deployment-1.12.0.Final.jar (8.2/22 kB)Progress (1): quarkus-resteasy-common-deployment-1.12.0.Final.jar (11/22 kB) Progress (1): quarkus-resteasy-common-deployment-1.12.0.Final.jar (14/22 kB)Progress (1): quarkus-resteasy-common-deployment-1.12.0.Final.jar (16/22 kB)Progress (1): quarkus-resteasy-common-deployment-1.12.0.Final.jar (19/22 kB)Progress (1): quarkus-resteasy-common-deployment-1.12.0.Final.jar (22/22 kB)Progress (1): quarkus-resteasy-common-deployment-1.12.0.Final.jar (22 kB)                                                                            Downloaded from central: https://repo.maven.apache.org/maven2/io/quarkus/quarkus-resteasy-common-deployment/1.12.0.Final/quarkus-resteasy-common-deployment-1.12.0.Final.jar (22 kB at 357 kB/s)
Downloading from central: https://repo.maven.apache.org/maven2/io/quarkus/quarkus-netty-deployment/1.12.0.Final/quarkus-netty-deployment-1.12.0.Final.jar
Progress (1): quarkus-resteasy-common-spi-1.12.0.Final.jar (2.7/9.6 kB)Progress (2): quarkus-resteasy-common-spi-1.12.0.Final.jar (2.7/9.6 kB) | quarkus-resteasy-server-common-deployment-1.12.0.Final.jar (2.7/30 kB)Progress (2): quarkus-resteasy-common-spi-1.12.0.Final.jar (2.7/9.6 kB) | quarkus-resteasy-server-common-deployment-1.12.0.Final.jar (5.5/30 kB)Progress (2): quarkus-resteasy-common-spi-1.12.0.Final.jar (5.5/9.6 kB) | quarkus-resteasy-server-common-deployment-1.12.0.Final.jar (5.5/30 kB)Progress (2): quarkus-resteasy-common-spi-1.12.0.Final.jar (5.5/9.6 kB) | quarkus-resteasy-server-common-deployment-1.12.0.Final.jar (8.2/30 kB)Progress (2): quarkus-resteasy-common-spi-1.12.0.Final.jar (8.2/9.6 kB) | quarkus-resteasy-server-common-deployment-1.12.0.Final.jar (8.2/30 kB)Progress (2): quarkus-resteasy-common-spi-1.12.0.Final.jar (9.6 kB) | quarkus-resteasy-server-common-deployment-1.12.0.Final.jar (8.2/30 kB)    Progress (2): quarkus-resteasy-common-spi-1.12.0.Final.jar (9.6 kB) | quarkus-resteasy-server-common-deployment-1.12.0.Final.jar (11/30 kB) Progress (3): quarkus-resteasy-common-spi-1.12.0.Final.jar (9.6 kB) | quarkus-resteasy-server-common-deployment-1.12.0.Final.jar (11/30 kB) | quarkus-undertow-spi-1.12.0.Final.jar (2.7/24 kB)Progress (4): quarkus-resteasy-common-spi-1.12.0.Final.jar (9.6 kB) | quarkus-resteasy-server-common-deployment-1.12.0.Final.jar (11/30 kB) | quarkus-undertow-spi-1.12.0.Final.jar (2.7/24 kB) | quarkus-resteasy-server-common-spi-1.12.0.Final.jar (2.7/6.3 kB)Progress (5): quarkus-resteasy-common-spi-1.12.0.Final.jar (9.6 kB) | quarkus-resteasy-server-common-deployment-1.12.0.Final.jar (11/30 kB) | quarkus-undertow-spi-1.12.0.Final.jar (2.7/24 kB) | quarkus-resteasy-server-common-spi-1.12.0.Final.jar (2.7/6.3 kB) | quarkus-netty-deployment-1.12.0.Final.jar (2.7/11 kB)Progress (5): quarkus-resteasy-common-spi-1.12.0.Final.jar (9.6 kB) | quarkus-resteasy-server-common-deployment-1.12.0.Final.jar (11/30 kB) | quarkus-undertow-spi-1.12.0.Final.jar (5.5/24 kB) | quarkus-resteasy-server-common-spi-1.12.0.Final.jar (2.7/6.3 kB) | quarkus-netty-deployment-1.12.0.Final.jar (2.7/11 kB)Progress (5): quarkus-resteasy-common-spi-1.12.0.Final.jar (9.6 kB) | quarkus-resteasy-server-common-deployment-1.12.0.Final.jar (11/30 kB) | quarkus-undertow-spi-1.12.0.Final.jar (5.5/24 kB) | quarkus-resteasy-server-common-spi-1.12.0.Final.jar (5.5/6.3 kB) | quarkus-netty-deployment-1.12.0.Final.jar (2.7/11 kB)Progress (5): quarkus-resteasy-common-spi-1.12.0.Final.jar (9.6 kB) | quarkus-resteasy-server-common-deployment-1.12.0.Final.jar (11/30 kB) | quarkus-undertow-spi-1.12.0.Final.jar (5.5/24 kB) | quarkus-resteasy-server-common-spi-1.12.0.Final.jar (5.5/6.3 kB) | quarkus-netty-deployment-1.12.0.Final.jar (5.5/11 kB)Progress (5): quarkus-resteasy-common-spi-1.12.0.Final.jar (9.6 kB) | quarkus-resteasy-server-common-deployment-1.12.0.Final.jar (14/30 kB) | quarkus-undertow-spi-1.12.0.Final.jar (5.5/24 kB) | quarkus-resteasy-server-common-spi-1.12.0.Final.jar (5.5/6.3 kB) | quarkus-netty-deployment-1.12.0.Final.jar (5.5/11 kB)Progress (5): quarkus-resteasy-common-spi-1.12.0.Final.jar (9.6 kB) | quarkus-resteasy-server-common-deployment-1.12.0.Final.jar (14/30 kB) | quarkus-undertow-spi-1.12.0.Final.jar (5.5/24 kB) | quarkus-resteasy-server-common-spi-1.12.0.Final.jar (5.5/6.3 kB) | quarkus-netty-deployment-1.12.0.Final.jar (8.2/11 kB)Progress (5): quarkus-resteasy-common-spi-1.12.0.Final.jar (9.6 kB) | quarkus-resteasy-server-common-deployment-1.12.0.Final.jar (16/30 kB) | quarkus-undertow-spi-1.12.0.Final.jar (5.5/24 kB) | quarkus-resteasy-server-common-spi-1.12.0.Final.jar (5.5/6.3 kB) | quarkus-netty-deployment-1.12.0.Final.jar (8.2/11 kB)Progress (5): quarkus-resteasy-common-spi-1.12.0.Final.jar (9.6 kB) | quarkus-resteasy-server-common-deployment-1.12.0.Final.jar (16/30 kB) | quarkus-undertow-spi-1.12.0.Final.jar (8.2/24 kB) | quarkus-resteasy-server-common-spi-1.12.0.Final.jar (5.5/6.3 kB) | quarkus-netty-deployment-1.12.0.Final.jar (8.2/11 kB)Progress (5): quarkus-resteasy-common-spi-1.12.0.Final.jar (9.6 kB) | quarkus-resteasy-server-common-deployment-1.12.0.Final.jar (19/30 kB) | quarkus-undertow-spi-1.12.0.Final.jar (8.2/24 kB) | quarkus-resteasy-server-common-spi-1.12.0.Final.jar (5.5/6.3 kB) | quarkus-netty-deployment-1.12.0.Final.jar (8.2/11 kB)Progress (5): quarkus-resteasy-common-spi-1.12.0.Final.jar (9.6 kB) | quarkus-resteasy-server-common-deployment-1.12.0.Final.jar (19/30 kB) | quarkus-undertow-spi-1.12.0.Final.jar (8.2/24 kB) | quarkus-resteasy-server-common-spi-1.12.0.Final.jar (6.3 kB) | quarkus-netty-deployment-1.12.0.Final.jar (8.2/11 kB)    Progress (5): quarkus-resteasy-common-spi-1.12.0.Final.jar (9.6 kB) | quarkus-resteasy-server-common-deployment-1.12.0.Final.jar (22/30 kB) | quarkus-undertow-spi-1.12.0.Final.jar (8.2/24 kB) | quarkus-resteasy-server-common-spi-1.12.0.Final.jar (6.3 kB) | quarkus-netty-deployment-1.12.0.Final.jar (8.2/11 kB)Progress (5): quarkus-resteasy-common-spi-1.12.0.Final.jar (9.6 kB) | quarkus-resteasy-server-common-deployment-1.12.0.Final.jar (22/30 kB) | quarkus-undertow-spi-1.12.0.Final.jar (11/24 kB) | quarkus-resteasy-server-common-spi-1.12.0.Final.jar (6.3 kB) | quarkus-netty-deployment-1.12.0.Final.jar (8.2/11 kB) Progress (5): quarkus-resteasy-common-spi-1.12.0.Final.jar (9.6 kB) | quarkus-resteasy-server-common-deployment-1.12.0.Final.jar (25/30 kB) | quarkus-undertow-spi-1.12.0.Final.jar (11/24 kB) | quarkus-resteasy-server-common-spi-1.12.0.Final.jar (6.3 kB) | quarkus-netty-deployment-1.12.0.Final.jar (8.2/11 kB)Progress (5): quarkus-resteasy-common-spi-1.12.0.Final.jar (9.6 kB) | quarkus-resteasy-server-common-deployment-1.12.0.Final.jar (27/30 kB) | quarkus-undertow-spi-1.12.0.Final.jar (11/24 kB) | quarkus-resteasy-server-common-spi-1.12.0.Final.jar (6.3 kB) | quarkus-netty-deployment-1.12.0.Final.jar (8.2/11 kB)Progress (5): quarkus-resteasy-common-spi-1.12.0.Final.jar (9.6 kB) | quarkus-resteasy-server-common-deployment-1.12.0.Final.jar (30 kB) | quarkus-undertow-spi-1.12.0.Final.jar (11/24 kB) | quarkus-resteasy-server-common-spi-1.12.0.Final.jar (6.3 kB) | quarkus-netty-deployment-1.12.0.Final.jar (8.2/11 kB)   Progress (5): quarkus-resteasy-common-spi-1.12.0.Final.jar (9.6 kB) | quarkus-resteasy-server-common-deployment-1.12.0.Final.jar (30 kB) | quarkus-undertow-spi-1.12.0.Final.jar (11/24 kB) | quarkus-resteasy-server-common-spi-1.12.0.Final.jar (6.3 kB) | quarkus-netty-deployment-1.12.0.Final.jar (11/11 kB) Progress (5): quarkus-resteasy-common-spi-1.12.0.Final.jar (9.6 kB) | quarkus-resteasy-server-common-deployment-1.12.0.Final.jar (30 kB) | quarkus-undertow-spi-1.12.0.Final.jar (14/24 kB) | quarkus-resteasy-server-common-spi-1.12.0.Final.jar (6.3 kB) | quarkus-netty-deployment-1.12.0.Final.jar (11/11 kB)Progress (5): quarkus-resteasy-common-spi-1.12.0.Final.jar (9.6 kB) | quarkus-resteasy-server-common-deployment-1.12.0.Final.jar (30 kB) | quarkus-undertow-spi-1.12.0.Final.jar (14/24 kB) | quarkus-resteasy-server-common-spi-1.12.0.Final.jar (6.3 kB) | quarkus-netty-deployment-1.12.0.Final.jar (11 kB)   Progress (5): quarkus-resteasy-common-spi-1.12.0.Final.jar (9.6 kB) | quarkus-resteasy-server-common-deployment-1.12.0.Final.jar (30 kB) | quarkus-undertow-spi-1.12.0.Final.jar (16/24 kB) | quarkus-resteasy-server-common-spi-1.12.0.Final.jar (6.3 kB) | quarkus-netty-deployment-1.12.0.Final.jar (11 kB)Progress (5): quarkus-resteasy-common-spi-1.12.0.Final.jar (9.6 kB) | quarkus-resteasy-server-common-deployment-1.12.0.Final.jar (30 kB) | quarkus-undertow-spi-1.12.0.Final.jar (19/24 kB) | quarkus-resteasy-server-common-spi-1.12.0.Final.jar (6.3 kB) | quarkus-netty-deployment-1.12.0.Final.jar (11 kB)Progress (5): quarkus-resteasy-common-spi-1.12.0.Final.jar (9.6 kB) | quarkus-resteasy-server-common-deployment-1.12.0.Final.jar (30 kB) | quarkus-undertow-spi-1.12.0.Final.jar (22/24 kB) | quarkus-resteasy-server-common-spi-1.12.0.Final.jar (6.3 kB) | quarkus-netty-deployment-1.12.0.Final.jar (11 kB)                                                                                                                                                                                                                                                                                                              Downloaded from central: https://repo.maven.apache.org/maven2/io/quarkus/quarkus-resteasy-common-spi/1.12.0.Final/quarkus-resteasy-common-spi-1.12.0.Final.jar (9.6 kB at 82 kB/s)
Progress (4): quarkus-resteasy-server-common-deployment-1.12.0.Final.jar (30 kB) | quarkus-undertow-spi-1.12.0.Final.jar (24 kB) | quarkus-resteasy-server-common-spi-1.12.0.Final.jar (6.3 kB) | quarkus-netty-deployment-1.12.0.Final.jar (11 kB)                                                                                                                                                                                                                                                   Downloading from central: https://repo.maven.apache.org/maven2/io/quarkus/quarkus-vertx-core-deployment/1.12.0.Final/quarkus-vertx-core-deployment-1.12.0.Final.jar
Downloaded from central: https://repo.maven.apache.org/maven2/io/quarkus/quarkus-netty-deployment/1.12.0.Final/quarkus-netty-deployment-1.12.0.Final.jar (11 kB at 82 kB/s)
Downloaded from central: https://repo.maven.apache.org/maven2/io/quarkus/quarkus-resteasy-server-common-deployment/1.12.0.Final/quarkus-resteasy-server-common-deployment-1.12.0.Final.jar (30 kB at 219 kB/s)
Downloaded from central: https://repo.maven.apache.org/maven2/io/quarkus/quarkus-resteasy-server-common-spi/1.12.0.Final/quarkus-resteasy-server-common-spi-1.12.0.Final.jar (6.3 kB at 47 kB/s)
Downloading from central: https://repo.maven.apache.org/maven2/io/quarkus/quarkus-vertx-http-deployment/1.12.0.Final/quarkus-vertx-http-deployment-1.12.0.Final.jar
Downloading from central: https://repo.maven.apache.org/maven2/io/quarkus/quarkus-kubernetes-spi/1.12.0.Final/quarkus-kubernetes-spi-1.12.0.Final.jar
Downloading from central: https://repo.maven.apache.org/maven2/io/quarkus/quarkus-vertx-http-dev-console-spi/1.12.0.Final/quarkus-vertx-http-dev-console-spi-1.12.0.Final.jar
Progress (2): quarkus-undertow-spi-1.12.0.Final.jar (24 kB) | quarkus-vertx-core-deployment-1.12.0.Final.jar (2.7/9.2 kB)Progress (2): quarkus-undertow-spi-1.12.0.Final.jar (24 kB) | quarkus-vertx-core-deployment-1.12.0.Final.jar (5.5/9.2 kB)Progress (2): quarkus-undertow-spi-1.12.0.Final.jar (24 kB) | quarkus-vertx-core-deployment-1.12.0.Final.jar (8.2/9.2 kB)Progress (2): quarkus-undertow-spi-1.12.0.Final.jar (24 kB) | quarkus-vertx-core-deployment-1.12.0.Final.jar (9.2 kB)    Progress (3): quarkus-undertow-spi-1.12.0.Final.jar (24 kB) | quarkus-vertx-core-deployment-1.12.0.Final.jar (9.2 kB) | quarkus-vertx-http-dev-console-spi-1.12.0.Final.jar (2.7/6.9 kB)Progress (4): quarkus-undertow-spi-1.12.0.Final.jar (24 kB) | quarkus-vertx-core-deployment-1.12.0.Final.jar (9.2 kB) | quarkus-vertx-http-dev-console-spi-1.12.0.Final.jar (2.7/6.9 kB) | quarkus-kubernetes-spi-1.12.0.Final.jar (2.7/19 kB)Progress (4): quarkus-undertow-spi-1.12.0.Final.jar (24 kB) | quarkus-vertx-core-deployment-1.12.0.Final.jar (9.2 kB) | quarkus-vertx-http-dev-console-spi-1.12.0.Final.jar (5.5/6.9 kB) | quarkus-kubernetes-spi-1.12.0.Final.jar (2.7/19 kB)Progress (4): quarkus-undertow-spi-1.12.0.Final.jar (24 kB) | quarkus-vertx-core-deployment-1.12.0.Final.jar (9.2 kB) | quarkus-vertx-http-dev-console-spi-1.12.0.Final.jar (5.5/6.9 kB) | quarkus-kubernetes-spi-1.12.0.Final.jar (5.5/19 kB)Progress (4): quarkus-undertow-spi-1.12.0.Final.jar (24 kB) | quarkus-vertx-core-deployment-1.12.0.Final.jar (9.2 kB) | quarkus-vertx-http-dev-console-spi-1.12.0.Final.jar (6.9 kB) | quarkus-kubernetes-spi-1.12.0.Final.jar (5.5/19 kB)    Progress (4): quarkus-undertow-spi-1.12.0.Final.jar (24 kB) | quarkus-vertx-core-deployment-1.12.0.Final.jar (9.2 kB) | quarkus-vertx-http-dev-console-spi-1.12.0.Final.jar (6.9 kB) | quarkus-kubernetes-spi-1.12.0.Final.jar (8.2/19 kB)Progress (4): quarkus-undertow-spi-1.12.0.Final.jar (24 kB) | quarkus-vertx-core-deployment-1.12.0.Final.jar (9.2 kB) | quarkus-vertx-http-dev-console-spi-1.12.0.Final.jar (6.9 kB) | quarkus-kubernetes-spi-1.12.0.Final.jar (11/19 kB) Progress (4): quarkus-undertow-spi-1.12.0.Final.jar (24 kB) | quarkus-vertx-core-deployment-1.12.0.Final.jar (9.2 kB) | quarkus-vertx-http-dev-console-spi-1.12.0.Final.jar (6.9 kB) | quarkus-kubernetes-spi-1.12.0.Final.jar (14/19 kB)Progress (4): quarkus-undertow-spi-1.12.0.Final.jar (24 kB) | quarkus-vertx-core-deployment-1.12.0.Final.jar (9.2 kB) | quarkus-vertx-http-dev-console-spi-1.12.0.Final.jar (6.9 kB) | quarkus-kubernetes-spi-1.12.0.Final.jar (16/19 kB)Progress (4): quarkus-undertow-spi-1.12.0.Final.jar (24 kB) | quarkus-vertx-core-deployment-1.12.0.Final.jar (9.2 kB) | quarkus-vertx-http-dev-console-spi-1.12.0.Final.jar (6.9 kB) | quarkus-kubernetes-spi-1.12.0.Final.jar (19 kB)   Progress (5): quarkus-undertow-spi-1.12.0.Final.jar (24 kB) | quarkus-vertx-core-deployment-1.12.0.Final.jar (9.2 kB) | quarkus-vertx-http-dev-console-spi-1.12.0.Final.jar (6.9 kB) | quarkus-kubernetes-spi-1.12.0.Final.jar (19 kB) | quarkus-vertx-http-deployment-1.12.0.Final.jar (0/1.7 MB)Progress (5): quarkus-undertow-spi-1.12.0.Final.jar (24 kB) | quarkus-vertx-core-deployment-1.12.0.Final.jar (9.2 kB) | quarkus-vertx-http-dev-console-spi-1.12.0.Final.jar (6.9 kB) | quarkus-kubernetes-spi-1.12.0.Final.jar (19 kB) | quarkus-vertx-http-deployment-1.12.0.Final.jar (0/1.7 MB)                                                                                                                                                                                                                                                                                                  Downloaded from central: https://repo.maven.apache.org/maven2/io/quarkus/quarkus-vertx-core-deployment/1.12.0.Final/quarkus-vertx-core-deployment-1.12.0.Final.jar (9.2 kB at 52 kB/s)
Downloading from central: https://repo.maven.apache.org/maven2/io/quarkus/arc/arc-processor/1.12.0.Final/arc-processor-1.12.0.Final.jar
Progress (4): quarkus-undertow-spi-1.12.0.Final.jar (24 kB) | quarkus-vertx-http-dev-console-spi-1.12.0.Final.jar (6.9 kB) | quarkus-kubernetes-spi-1.12.0.Final.jar (19 kB) | quarkus-vertx-http-deployment-1.12.0.Final.jar (0/1.7 MB)Progress (4): quarkus-undertow-spi-1.12.0.Final.jar (24 kB) | quarkus-vertx-http-dev-console-spi-1.12.0.Final.jar (6.9 kB) | quarkus-kubernetes-spi-1.12.0.Final.jar (19 kB) | quarkus-vertx-http-deployment-1.12.0.Final.jar (0/1.7 MB)Progress (4): quarkus-undertow-spi-1.12.0.Final.jar (24 kB) | quarkus-vertx-http-dev-console-spi-1.12.0.Final.jar (6.9 kB) | quarkus-kubernetes-spi-1.12.0.Final.jar (19 kB) | quarkus-vertx-http-deployment-1.12.0.Final.jar (0/1.7 MB)Progress (4): quarkus-undertow-spi-1.12.0.Final.jar (24 kB) | quarkus-vertx-http-dev-console-spi-1.12.0.Final.jar (6.9 kB) | quarkus-kubernetes-spi-1.12.0.Final.jar (19 kB) | quarkus-vertx-http-deployment-1.12.0.Final.jar (0/1.7 MB)                                                                                                                                                                                                                                        Downloaded from central: https://repo.maven.apache.org/maven2/io/quarkus/quarkus-undertow-spi/1.12.0.Final/quarkus-undertow-spi-1.12.0.Final.jar (24 kB at 124 kB/s)
Downloading from central: https://repo.maven.apache.org/maven2/io/quarkus/quarkus-arc-deployment/1.12.0.Final/quarkus-arc-deployment-1.12.0.Final.jar
Progress (3): quarkus-vertx-http-dev-console-spi-1.12.0.Final.jar (6.9 kB) | quarkus-kubernetes-spi-1.12.0.Final.jar (19 kB) | quarkus-vertx-http-deployment-1.12.0.Final.jar (0.1/1.7 MB)                                                                                                                                                                                          Downloaded from central: https://repo.maven.apache.org/maven2/io/quarkus/quarkus-vertx-http-dev-console-spi/1.12.0.Final/quarkus-vertx-http-dev-console-spi-1.12.0.Final.jar (6.9 kB at 36 kB/s)
Downloading from central: https://repo.maven.apache.org/maven2/io/quarkus/quarkus-security-spi/1.12.0.Final/quarkus-security-spi-1.12.0.Final.jar
Progress (2): quarkus-kubernetes-spi-1.12.0.Final.jar (19 kB) | quarkus-vertx-http-deployment-1.12.0.Final.jar (0.1/1.7 MB)                                                                                                                           Downloaded from central: https://repo.maven.apache.org/maven2/io/quarkus/quarkus-kubernetes-spi/1.12.0.Final/quarkus-kubernetes-spi-1.12.0.Final.jar (19 kB at 95 kB/s)
Downloading from central: https://repo.maven.apache.org/maven2/io/quarkus/quarkus-resteasy-deployment/1.12.0.Final/quarkus-resteasy-deployment-1.12.0.Final.jar
Progress (1): quarkus-vertx-http-deployment-1.12.0.Final.jar (0.1/1.7 MB)Progress (1): quarkus-vertx-http-deployment-1.12.0.Final.jar (0.1/1.7 MB)Progress (1): quarkus-vertx-http-deployment-1.12.0.Final.jar (0.1/1.7 MB)Progress (1): quarkus-vertx-http-deployment-1.12.0.Final.jar (0.1/1.7 MB)Progress (2): quarkus-vertx-http-deployment-1.12.0.Final.jar (0.1/1.7 MB) | arc-processor-1.12.0.Final.jar (2.7/335 kB)Progress (2): quarkus-vertx-http-deployment-1.12.0.Final.jar (0.1/1.7 MB) | arc-processor-1.12.0.Final.jar (5.5/335 kB)Progress (2): quarkus-vertx-http-deployment-1.12.0.Final.jar (0.1/1.7 MB) | arc-processor-1.12.0.Final.jar (5.5/335 kB)Progress (2): quarkus-vertx-http-deployment-1.12.0.Final.jar (0.1/1.7 MB) | arc-processor-1.12.0.Final.jar (8.2/335 kB)Progress (2): quarkus-vertx-http-deployment-1.12.0.Final.jar (0.1/1.7 MB) | arc-processor-1.12.0.Final.jar (11/335 kB) Progress (2): quarkus-vertx-http-deployment-1.12.0.Final.jar (0.1/1.7 MB) | arc-processor-1.12.0.Final.jar (14/335 kB)Progress (2): quarkus-vertx-http-deployment-1.12.0.Final.jar (0.1/1.7 MB) | arc-processor-1.12.0.Final.jar (14/335 kB)Progress (2): quarkus-vertx-http-deployment-1.12.0.Final.jar (0.1/1.7 MB) | arc-processor-1.12.0.Final.jar (16/335 kB)Progress (2): quarkus-vertx-http-deployment-1.12.0.Final.jar (0.1/1.7 MB) | arc-processor-1.12.0.Final.jar (19/335 kB)Progress (2): quarkus-vertx-http-deployment-1.12.0.Final.jar (0.1/1.7 MB) | arc-processor-1.12.0.Final.jar (22/335 kB)Progress (2): quarkus-vertx-http-deployment-1.12.0.Final.jar (0.1/1.7 MB) | arc-processor-1.12.0.Final.jar (22/335 kB)Progress (2): quarkus-vertx-http-deployment-1.12.0.Final.jar (0.1/1.7 MB) | arc-processor-1.12.0.Final.jar (25/335 kB)Progress (2): quarkus-vertx-http-deployment-1.12.0.Final.jar (0.1/1.7 MB) | arc-processor-1.12.0.Final.jar (27/335 kB)Progress (2): quarkus-vertx-http-deployment-1.12.0.Final.jar (0.1/1.7 MB) | arc-processor-1.12.0.Final.jar (30/335 kB)Progress (2): quarkus-vertx-http-deployment-1.12.0.Final.jar (0.1/1.7 MB) | arc-processor-1.12.0.Final.jar (30/335 kB)Progress (2): quarkus-vertx-http-deployment-1.12.0.Final.jar (0.1/1.7 MB) | arc-processor-1.12.0.Final.jar (33/335 kB)Progress (2): quarkus-vertx-http-deployment-1.12.0.Final.jar (0.1/1.7 MB) | arc-processor-1.12.0.Final.jar (36/335 kB)Progress (2): quarkus-vertx-http-deployment-1.12.0.Final.jar (0.1/1.7 MB) | arc-processor-1.12.0.Final.jar (36/335 kB)Progress (2): quarkus-vertx-http-deployment-1.12.0.Final.jar (0.1/1.7 MB) | arc-processor-1.12.0.Final.jar (38/335 kB)Progress (2): quarkus-vertx-http-deployment-1.12.0.Final.jar (0.1/1.7 MB) | arc-processor-1.12.0.Final.jar (41/335 kB)Progress (2): quarkus-vertx-http-deployment-1.12.0.Final.jar (0.1/1.7 MB) | arc-processor-1.12.0.Final.jar (41/335 kB)Progress (2): quarkus-vertx-http-deployment-1.12.0.Final.jar (0.1/1.7 MB) | arc-processor-1.12.0.Final.jar (44/335 kB)Progress (2): quarkus-vertx-http-deployment-1.12.0.Final.jar (0.1/1.7 MB) | arc-processor-1.12.0.Final.jar (47/335 kB)Progress (2): quarkus-vertx-http-deployment-1.12.0.Final.jar (0.1/1.7 MB) | arc-processor-1.12.0.Final.jar (49/335 kB)Progress (2): quarkus-vertx-http-deployment-1.12.0.Final.jar (0.2/1.7 MB) | arc-processor-1.12.0.Final.jar (49/335 kB)Progress (2): quarkus-vertx-http-deployment-1.12.0.Final.jar (0.2/1.7 MB) | arc-processor-1.12.0.Final.jar (49/335 kB)Progress (2): quarkus-vertx-http-deployment-1.12.0.Final.jar (0.2/1.7 MB) | arc-processor-1.12.0.Final.jar (49/335 kB)Progress (2): quarkus-vertx-http-deployment-1.12.0.Final.jar (0.2/1.7 MB) | arc-processor-1.12.0.Final.jar (49/335 kB)Progress (2): quarkus-vertx-http-deployment-1.12.0.Final.jar (0.2/1.7 MB) | arc-processor-1.12.0.Final.jar (49/335 kB)Progress (2): quarkus-vertx-http-deployment-1.12.0.Final.jar (0.2/1.7 MB) | arc-processor-1.12.0.Final.jar (49/335 kB)Progress (3): quarkus-vertx-http-deployment-1.12.0.Final.jar (0.2/1.7 MB) | arc-processor-1.12.0.Final.jar (49/335 kB) | quarkus-security-spi-1.12.0.Final.jar (2.7/4.5 kB)Progress (4): quarkus-vertx-http-deployment-1.12.0.Final.jar (0.2/1.7 MB) | arc-processor-1.12.0.Final.jar (49/335 kB) | quarkus-security-spi-1.12.0.Final.jar (2.7/4.5 kB) | quarkus-resteasy-deployment-1.12.0.Final.jar (2.7/17 kB)Progress (4): quarkus-vertx-http-deployment-1.12.0.Final.jar (0.2/1.7 MB) | arc-processor-1.12.0.Final.jar (49/335 kB) | quarkus-security-spi-1.12.0.Final.jar (4.5 kB) | quarkus-resteasy-deployment-1.12.0.Final.jar (2.7/17 kB)    Progress (4): quarkus-vertx-http-deployment-1.12.0.Final.jar (0.2/1.7 MB) | arc-processor-1.12.0.Final.jar (49/335 kB) | quarkus-security-spi-1.12.0.Final.jar (4.5 kB) | quarkus-resteasy-deployment-1.12.0.Final.jar (2.7/17 kB)Progress (4): quarkus-vertx-http-deployment-1.12.0.Final.jar (0.2/1.7 MB) | arc-processor-1.12.0.Final.jar (52/335 kB) | quarkus-security-spi-1.12.0.Final.jar (4.5 kB) | quarkus-resteasy-deployment-1.12.0.Final.jar (2.7/17 kB)Progress (4): quarkus-vertx-http-deployment-1.12.0.Final.jar (0.2/1.7 MB) | arc-processor-1.12.0.Final.jar (52/335 kB) | quarkus-security-spi-1.12.0.Final.jar (4.5 kB) | quarkus-resteasy-deployment-1.12.0.Final.jar (5.5/17 kB)Progress (4): quarkus-vertx-http-deployment-1.12.0.Final.jar (0.2/1.7 MB) | arc-processor-1.12.0.Final.jar (55/335 kB) | quarkus-security-spi-1.12.0.Final.jar (4.5 kB) | quarkus-resteasy-deployment-1.12.0.Final.jar (5.5/17 kB)Progress (4): quarkus-vertx-http-deployment-1.12.0.Final.jar (0.2/1.7 MB) | arc-processor-1.12.0.Final.jar (55/335 kB) | quarkus-security-spi-1.12.0.Final.jar (4.5 kB) | quarkus-resteasy-deployment-1.12.0.Final.jar (5.5/17 kB)Progress (4): quarkus-vertx-http-deployment-1.12.0.Final.jar (0.2/1.7 MB) | arc-processor-1.12.0.Final.jar (55/335 kB) | quarkus-security-spi-1.12.0.Final.jar (4.5 kB) | quarkus-resteasy-deployment-1.12.0.Final.jar (5.5/17 kB)Progress (4): quarkus-vertx-http-deployment-1.12.0.Final.jar (0.2/1.7 MB) | arc-processor-1.12.0.Final.jar (55/335 kB) | quarkus-security-spi-1.12.0.Final.jar (4.5 kB) | quarkus-resteasy-deployment-1.12.0.Final.jar (8.2/17 kB)Progress (4): quarkus-vertx-http-deployment-1.12.0.Final.jar (0.2/1.7 MB) | arc-processor-1.12.0.Final.jar (58/335 kB) | quarkus-security-spi-1.12.0.Final.jar (4.5 kB) | quarkus-resteasy-deployment-1.12.0.Final.jar (8.2/17 kB)Progress (4): quarkus-vertx-http-deployment-1.12.0.Final.jar (0.2/1.7 MB) | arc-processor-1.12.0.Final.jar (60/335 kB) | quarkus-security-spi-1.12.0.Final.jar (4.5 kB) | quarkus-resteasy-deployment-1.12.0.Final.jar (8.2/17 kB)Progress (4): quarkus-vertx-http-deployment-1.12.0.Final.jar (0.2/1.7 MB) | arc-processor-1.12.0.Final.jar (60/335 kB) | quarkus-security-spi-1.12.0.Final.jar (4.5 kB) | quarkus-resteasy-deployment-1.12.0.Final.jar (11/17 kB) Progress (4): quarkus-vertx-http-deployment-1.12.0.Final.jar (0.2/1.7 MB) | arc-processor-1.12.0.Final.jar (63/335 kB) | quarkus-security-spi-1.12.0.Final.jar (4.5 kB) | quarkus-resteasy-deployment-1.12.0.Final.jar (11/17 kB)Progress (4): quarkus-vertx-http-deployment-1.12.0.Final.jar (0.2/1.7 MB) | arc-processor-1.12.0.Final.jar (63/335 kB) | quarkus-security-spi-1.12.0.Final.jar (4.5 kB) | quarkus-resteasy-deployment-1.12.0.Final.jar (14/17 kB)Progress (4): quarkus-vertx-http-deployment-1.12.0.Final.jar (0.2/1.7 MB) | arc-processor-1.12.0.Final.jar (66/335 kB) | quarkus-security-spi-1.12.0.Final.jar (4.5 kB) | quarkus-resteasy-deployment-1.12.0.Final.jar (14/17 kB)Progress (4): quarkus-vertx-http-deployment-1.12.0.Final.jar (0.2/1.7 MB) | arc-processor-1.12.0.Final.jar (66/335 kB) | quarkus-security-spi-1.12.0.Final.jar (4.5 kB) | quarkus-resteasy-deployment-1.12.0.Final.jar (16/17 kB)Progress (4): quarkus-vertx-http-deployment-1.12.0.Final.jar (0.2/1.7 MB) | arc-processor-1.12.0.Final.jar (69/335 kB) | quarkus-security-spi-1.12.0.Final.jar (4.5 kB) | quarkus-resteasy-deployment-1.12.0.Final.jar (16/17 kB)Progress (4): quarkus-vertx-http-deployment-1.12.0.Final.jar (0.2/1.7 MB) | arc-processor-1.12.0.Final.jar (71/335 kB) | quarkus-security-spi-1.12.0.Final.jar (4.5 kB) | quarkus-resteasy-deployment-1.12.0.Final.jar (16/17 kB)Progress (4): quarkus-vertx-http-deployment-1.12.0.Final.jar (0.2/1.7 MB) | arc-processor-1.12.0.Final.jar (74/335 kB) | quarkus-security-spi-1.12.0.Final.jar (4.5 kB) | quarkus-resteasy-deployment-1.12.0.Final.jar (16/17 kB)Progress (4): quarkus-vertx-http-deployment-1.12.0.Final.jar (0.2/1.7 MB) | arc-processor-1.12.0.Final.jar (74/335 kB) | quarkus-security-spi-1.12.0.Final.jar (4.5 kB) | quarkus-resteasy-deployment-1.12.0.Final.jar (17 kB)   Progress (4): quarkus-vertx-http-deployment-1.12.0.Final.jar (0.2/1.7 MB) | arc-processor-1.12.0.Final.jar (77/335 kB) | quarkus-security-spi-1.12.0.Final.jar (4.5 kB) | quarkus-resteasy-deployment-1.12.0.Final.jar (17 kB)Progress (4): quarkus-vertx-http-deployment-1.12.0.Final.jar (0.2/1.7 MB) | arc-processor-1.12.0.Final.jar (80/335 kB) | quarkus-security-spi-1.12.0.Final.jar (4.5 kB) | quarkus-resteasy-deployment-1.12.0.Final.jar (17 kB)Progress (4): quarkus-vertx-http-deployment-1.12.0.Final.jar (0.2/1.7 MB) | arc-processor-1.12.0.Final.jar (80/335 kB) | quarkus-security-spi-1.12.0.Final.jar (4.5 kB) | quarkus-resteasy-deployment-1.12.0.Final.jar (17 kB)Progress (5): quarkus-vertx-http-deployment-1.12.0.Final.jar (0.2/1.7 MB) | arc-processor-1.12.0.Final.jar (80/335 kB) | quarkus-security-spi-1.12.0.Final.jar (4.5 kB) | quarkus-resteasy-deployment-1.12.0.Final.jar (17 kB) | quarkus-arc-deployment-1.12.0.Final.jar (2.7/212 kB)Progress (5): quarkus-vertx-http-deployment-1.12.0.Final.jar (0.2/1.7 MB) | arc-processor-1.12.0.Final.jar (80/335 kB) | quarkus-security-spi-1.12.0.Final.jar (4.5 kB) | quarkus-resteasy-deployment-1.12.0.Final.jar (17 kB) | quarkus-arc-deployment-1.12.0.Final.jar (2.7/212 kB)Progress (5): quarkus-vertx-http-deployment-1.12.0.Final.jar (0.2/1.7 MB) | arc-processor-1.12.0.Final.jar (80/335 kB) | quarkus-security-spi-1.12.0.Final.jar (4.5 kB) | quarkus-resteasy-deployment-1.12.0.Final.jar (17 kB) | quarkus-arc-deployment-1.12.0.Final.jar (5.5/212 kB)Progress (5): quarkus-vertx-http-deployment-1.12.0.Final.jar (0.2/1.7 MB) | arc-processor-1.12.0.Final.jar (80/335 kB) | quarkus-security-spi-1.12.0.Final.jar (4.5 kB) | quarkus-resteasy-deployment-1.12.0.Final.jar (17 kB) | quarkus-arc-deployment-1.12.0.Final.jar (5.5/212 kB)Progress (5): quarkus-vertx-http-deployment-1.12.0.Final.jar (0.2/1.7 MB) | arc-processor-1.12.0.Final.jar (80/335 kB) | quarkus-security-spi-1.12.0.Final.jar (4.5 kB) | quarkus-resteasy-deployment-1.12.0.Final.jar (17 kB) | quarkus-arc-deployment-1.12.0.Final.jar (8.2/212 kB)Progress (5): quarkus-vertx-http-deployment-1.12.0.Final.jar (0.2/1.7 MB) | arc-processor-1.12.0.Final.jar (82/335 kB) | quarkus-security-spi-1.12.0.Final.jar (4.5 kB) | quarkus-resteasy-deployment-1.12.0.Final.jar (17 kB) | quarkus-arc-deployment-1.12.0.Final.jar (8.2/212 kB)Progress (5): quarkus-vertx-http-deployment-1.12.0.Final.jar (0.2/1.7 MB) | arc-processor-1.12.0.Final.jar (82/335 kB) | quarkus-security-spi-1.12.0.Final.jar (4.5 kB) | quarkus-resteasy-deployment-1.12.0.Final.jar (17 kB) | quarkus-arc-deployment-1.12.0.Final.jar (11/212 kB) Progress (5): quarkus-vertx-http-deployment-1.12.0.Final.jar (0.2/1.7 MB) | arc-processor-1.12.0.Final.jar (85/335 kB) | quarkus-security-spi-1.12.0.Final.jar (4.5 kB) | quarkus-resteasy-deployment-1.12.0.Final.jar (17 kB) | quarkus-arc-deployment-1.12.0.Final.jar (11/212 kB)Progress (5): quarkus-vertx-http-deployment-1.12.0.Final.jar (0.2/1.7 MB) | arc-processor-1.12.0.Final.jar (88/335 kB) | quarkus-security-spi-1.12.0.Final.jar (4.5 kB) | quarkus-resteasy-deployment-1.12.0.Final.jar (17 kB) | quarkus-arc-deployment-1.12.0.Final.jar (11/212 kB)Progress (5): quarkus-vertx-http-deployment-1.12.0.Final.jar (0.2/1.7 MB) | arc-processor-1.12.0.Final.jar (90/335 kB) | quarkus-security-spi-1.12.0.Final.jar (4.5 kB) | quarkus-resteasy-deployment-1.12.0.Final.jar (17 kB) | quarkus-arc-deployment-1.12.0.Final.jar (11/212 kB)Progress (5): quarkus-vertx-http-deployment-1.12.0.Final.jar (0.2/1.7 MB) | arc-processor-1.12.0.Final.jar (93/335 kB) | quarkus-security-spi-1.12.0.Final.jar (4.5 kB) | quarkus-resteasy-deployment-1.12.0.Final.jar (17 kB) | quarkus-arc-deployment-1.12.0.Final.jar (11/212 kB)Progress (5): quarkus-vertx-http-deployment-1.12.0.Final.jar (0.2/1.7 MB) | arc-processor-1.12.0.Final.jar (96/335 kB) | quarkus-security-spi-1.12.0.Final.jar (4.5 kB) | quarkus-resteasy-deployment-1.12.0.Final.jar (17 kB) | quarkus-arc-deployment-1.12.0.Final.jar (11/212 kB)Progress (5): quarkus-vertx-http-deployment-1.12.0.Final.jar (0.2/1.7 MB) | arc-processor-1.12.0.Final.jar (96/335 kB) | quarkus-security-spi-1.12.0.Final.jar (4.5 kB) | quarkus-resteasy-deployment-1.12.0.Final.jar (17 kB) | quarkus-arc-deployment-1.12.0.Final.jar (14/212 kB)Progress (5): quarkus-vertx-http-deployment-1.12.0.Final.jar (0.2/1.7 MB) | arc-processor-1.12.0.Final.jar (99/335 kB) | quarkus-security-spi-1.12.0.Final.jar (4.5 kB) | quarkus-resteasy-deployment-1.12.0.Final.jar (17 kB) | quarkus-arc-deployment-1.12.0.Final.jar (14/212 kB)Progress (5): quarkus-vertx-http-deployment-1.12.0.Final.jar (0.2/1.7 MB) | arc-processor-1.12.0.Final.jar (99/335 kB) | quarkus-security-spi-1.12.0.Final.jar (4.5 kB) | quarkus-resteasy-deployment-1.12.0.Final.jar (17 kB) | quarkus-arc-deployment-1.12.0.Final.jar (16/212 kB)Progress (5): quarkus-vertx-http-deployment-1.12.0.Final.jar (0.2/1.7 MB) | arc-processor-1.12.0.Final.jar (99/335 kB) | quarkus-security-spi-1.12.0.Final.jar (4.5 kB) | quarkus-resteasy-deployment-1.12.0.Final.jar (17 kB) | quarkus-arc-deployment-1.12.0.Final.jar (19/212 kB)Progress (5): quarkus-vertx-http-deployment-1.12.0.Final.jar (0.2/1.7 MB) | arc-processor-1.12.0.Final.jar (99/335 kB) | quarkus-security-spi-1.12.0.Final.jar (4.5 kB) | quarkus-resteasy-deployment-1.12.0.Final.jar (17 kB) | quarkus-arc-deployment-1.12.0.Final.jar (22/212 kB)Progress (5): quarkus-vertx-http-deployment-1.12.0.Final.jar (0.2/1.7 MB) | arc-processor-1.12.0.Final.jar (99/335 kB) | quarkus-security-spi-1.12.0.Final.jar (4.5 kB) | quarkus-resteasy-deployment-1.12.0.Final.jar (17 kB) | quarkus-arc-deployment-1.12.0.Final.jar (25/212 kB)Progress (5): quarkus-vertx-http-deployment-1.12.0.Final.jar (0.2/1.7 MB) | arc-processor-1.12.0.Final.jar (99/335 kB) | quarkus-security-spi-1.12.0.Final.jar (4.5 kB) | quarkus-resteasy-deployment-1.12.0.Final.jar (17 kB) | quarkus-arc-deployment-1.12.0.Final.jar (27/212 kB)Progress (5): quarkus-vertx-http-deployment-1.12.0.Final.jar (0.2/1.7 MB) | arc-processor-1.12.0.Final.jar (99/335 kB) | quarkus-security-spi-1.12.0.Final.jar (4.5 kB) | quarkus-resteasy-deployment-1.12.0.Final.jar (17 kB) | quarkus-arc-deployment-1.12.0.Final.jar (30/212 kB)Progress (5): quarkus-vertx-http-deployment-1.12.0.Final.jar (0.2/1.7 MB) | arc-processor-1.12.0.Final.jar (99/335 kB) | quarkus-security-spi-1.12.0.Final.jar (4.5 kB) | quarkus-resteasy-deployment-1.12.0.Final.jar (17 kB) | quarkus-arc-deployment-1.12.0.Final.jar (33/212 kB)Progress (5): quarkus-vertx-http-deployment-1.12.0.Final.jar (0.2/1.7 MB) | arc-processor-1.12.0.Final.jar (101/335 kB) | quarkus-security-spi-1.12.0.Final.jar (4.5 kB) | quarkus-resteasy-deployment-1.12.0.Final.jar (17 kB) | quarkus-arc-deployment-1.12.0.Final.jar (33/212 kB)Progress (5): quarkus-vertx-http-deployment-1.12.0.Final.jar (0.2/1.7 MB) | arc-processor-1.12.0.Final.jar (101/335 kB) | quarkus-security-spi-1.12.0.Final.jar (4.5 kB) | quarkus-resteasy-deployment-1.12.0.Final.jar (17 kB) | quarkus-arc-deployment-1.12.0.Final.jar (36/212 kB)Progress (5): quarkus-vertx-http-deployment-1.12.0.Final.jar (0.2/1.7 MB) | arc-processor-1.12.0.Final.jar (101/335 kB) | quarkus-security-spi-1.12.0.Final.jar (4.5 kB) | quarkus-resteasy-deployment-1.12.0.Final.jar (17 kB) | quarkus-arc-deployment-1.12.0.Final.jar (38/212 kB)Progress (5): quarkus-vertx-http-deployment-1.12.0.Final.jar (0.2/1.7 MB) | arc-processor-1.12.0.Final.jar (101/335 kB) | quarkus-security-spi-1.12.0.Final.jar (4.5 kB) | quarkus-resteasy-deployment-1.12.0.Final.jar (17 kB) | quarkus-arc-deployment-1.12.0.Final.jar (41/212 kB)Progress (5): quarkus-vertx-http-deployment-1.12.0.Final.jar (0.2/1.7 MB) | arc-processor-1.12.0.Final.jar (104/335 kB) | quarkus-security-spi-1.12.0.Final.jar (4.5 kB) | quarkus-resteasy-deployment-1.12.0.Final.jar (17 kB) | quarkus-arc-deployment-1.12.0.Final.jar (41/212 kB)Progress (5): quarkus-vertx-http-deployment-1.12.0.Final.jar (0.2/1.7 MB) | arc-processor-1.12.0.Final.jar (107/335 kB) | quarkus-security-spi-1.12.0.Final.jar (4.5 kB) | quarkus-resteasy-deployment-1.12.0.Final.jar (17 kB) | quarkus-arc-deployment-1.12.0.Final.jar (41/212 kB)Progress (5): quarkus-vertx-http-deployment-1.12.0.Final.jar (0.2/1.7 MB) | arc-processor-1.12.0.Final.jar (107/335 kB) | quarkus-security-spi-1.12.0.Final.jar (4.5 kB) | quarkus-resteasy-deployment-1.12.0.Final.jar (17 kB) | quarkus-arc-deployment-1.12.0.Final.jar (44/212 kB)Progress (5): quarkus-vertx-http-deployment-1.12.0.Final.jar (0.2/1.7 MB) | arc-processor-1.12.0.Final.jar (110/335 kB) | quarkus-security-spi-1.12.0.Final.jar (4.5 kB) | quarkus-resteasy-deployment-1.12.0.Final.jar (17 kB) | quarkus-arc-deployment-1.12.0.Final.jar (44/212 kB)Progress (5): quarkus-vertx-http-deployment-1.12.0.Final.jar (0.2/1.7 MB) | arc-processor-1.12.0.Final.jar (112/335 kB) | quarkus-security-spi-1.12.0.Final.jar (4.5 kB) | quarkus-resteasy-deployment-1.12.0.Final.jar (17 kB) | quarkus-arc-deployment-1.12.0.Final.jar (44/212 kB)Progress (5): quarkus-vertx-http-deployment-1.12.0.Final.jar (0.2/1.7 MB) | arc-processor-1.12.0.Final.jar (112/335 kB) | quarkus-security-spi-1.12.0.Final.jar (4.5 kB) | quarkus-resteasy-deployment-1.12.0.Final.jar (17 kB) | quarkus-arc-deployment-1.12.0.Final.jar (47/212 kB)Progress (5): quarkus-vertx-http-deployment-1.12.0.Final.jar (0.2/1.7 MB) | arc-processor-1.12.0.Final.jar (112/335 kB) | quarkus-security-spi-1.12.0.Final.jar (4.5 kB) | quarkus-resteasy-deployment-1.12.0.Final.jar (17 kB) | quarkus-arc-deployment-1.12.0.Final.jar (49/212 kB)Progress (5): quarkus-vertx-http-deployment-1.12.0.Final.jar (0.2/1.7 MB) | arc-processor-1.12.0.Final.jar (112/335 kB) | quarkus-security-spi-1.12.0.Final.jar (4.5 kB) | quarkus-resteasy-deployment-1.12.0.Final.jar (17 kB) | quarkus-arc-deployment-1.12.0.Final.jar (52/212 kB)Progress (5): quarkus-vertx-http-deployment-1.12.0.Final.jar (0.2/1.7 MB) | arc-processor-1.12.0.Final.jar (115/335 kB) | quarkus-security-spi-1.12.0.Final.jar (4.5 kB) | quarkus-resteasy-deployment-1.12.0.Final.jar (17 kB) | quarkus-arc-deployment-1.12.0.Final.jar (52/212 kB)Progress (5): quarkus-vertx-http-deployment-1.12.0.Final.jar (0.2/1.7 MB) | arc-processor-1.12.0.Final.jar (118/335 kB) | quarkus-security-spi-1.12.0.Final.jar (4.5 kB) | quarkus-resteasy-deployment-1.12.0.Final.jar (17 kB) | quarkus-arc-deployment-1.12.0.Final.jar (52/212 kB)Progress (5): quarkus-vertx-http-deployment-1.12.0.Final.jar (0.2/1.7 MB) | arc-processor-1.12.0.Final.jar (118/335 kB) | quarkus-security-spi-1.12.0.Final.jar (4.5 kB) | quarkus-resteasy-deployment-1.12.0.Final.jar (17 kB) | quarkus-arc-deployment-1.12.0.Final.jar (55/212 kB)Progress (5): quarkus-vertx-http-deployment-1.12.0.Final.jar (0.2/1.7 MB) | arc-processor-1.12.0.Final.jar (118/335 kB) | quarkus-security-spi-1.12.0.Final.jar (4.5 kB) | quarkus-resteasy-deployment-1.12.0.Final.jar (17 kB) | quarkus-arc-deployment-1.12.0.Final.jar (58/212 kB)Progress (5): quarkus-vertx-http-deployment-1.12.0.Final.jar (0.2/1.7 MB) | arc-processor-1.12.0.Final.jar (121/335 kB) | quarkus-security-spi-1.12.0.Final.jar (4.5 kB) | quarkus-resteasy-deployment-1.12.0.Final.jar (17 kB) | quarkus-arc-deployment-1.12.0.Final.jar (58/212 kB)Progress (5): quarkus-vertx-http-deployment-1.12.0.Final.jar (0.2/1.7 MB) | arc-processor-1.12.0.Final.jar (121/335 kB) | quarkus-security-spi-1.12.0.Final.jar (4.5 kB) | quarkus-resteasy-deployment-1.12.0.Final.jar (17 kB) | quarkus-arc-deployment-1.12.0.Final.jar (60/212 kB)Progress (5): quarkus-vertx-http-deployment-1.12.0.Final.jar (0.2/1.7 MB) | arc-processor-1.12.0.Final.jar (123/335 kB) | quarkus-security-spi-1.12.0.Final.jar (4.5 kB) | quarkus-resteasy-deployment-1.12.0.Final.jar (17 kB) | quarkus-arc-deployment-1.12.0.Final.jar (60/212 kB)Progress (5): quarkus-vertx-http-deployment-1.12.0.Final.jar (0.2/1.7 MB) | arc-processor-1.12.0.Final.jar (123/335 kB) | quarkus-security-spi-1.12.0.Final.jar (4.5 kB) | quarkus-resteasy-deployment-1.12.0.Final.jar (17 kB) | quarkus-arc-deployment-1.12.0.Final.jar (63/212 kB)Progress (5): quarkus-vertx-http-deployment-1.12.0.Final.jar (0.2/1.7 MB) | arc-processor-1.12.0.Final.jar (126/335 kB) | quarkus-security-spi-1.12.0.Final.jar (4.5 kB) | quarkus-resteasy-deployment-1.12.0.Final.jar (17 kB) | quarkus-arc-deployment-1.12.0.Final.jar (63/212 kB)Progress (5): quarkus-vertx-http-deployment-1.12.0.Final.jar (0.2/1.7 MB) | arc-processor-1.12.0.Final.jar (126/335 kB) | quarkus-security-spi-1.12.0.Final.jar (4.5 kB) | quarkus-resteasy-deployment-1.12.0.Final.jar (17 kB) | quarkus-arc-deployment-1.12.0.Final.jar (66/212 kB)Progress (5): quarkus-vertx-http-deployment-1.12.0.Final.jar (0.3/1.7 MB) | arc-processor-1.12.0.Final.jar (126/335 kB) | quarkus-security-spi-1.12.0.Final.jar (4.5 kB) | quarkus-resteasy-deployment-1.12.0.Final.jar (17 kB) | quarkus-arc-deployment-1.12.0.Final.jar (66/212 kB)Progress (5): quarkus-vertx-http-deployment-1.12.0.Final.jar (0.3/1.7 MB) | arc-processor-1.12.0.Final.jar (129/335 kB) | quarkus-security-spi-1.12.0.Final.jar (4.5 kB) | quarkus-resteasy-deployment-1.12.0.Final.jar (17 kB) | quarkus-arc-deployment-1.12.0.Final.jar (66/212 kB)Progress (5): quarkus-vertx-http-deployment-1.12.0.Final.jar (0.3/1.7 MB) | arc-processor-1.12.0.Final.jar (129/335 kB) | quarkus-security-spi-1.12.0.Final.jar (4.5 kB) | quarkus-resteasy-deployment-1.12.0.Final.jar (17 kB) | quarkus-arc-deployment-1.12.0.Final.jar (69/212 kB)Progress (5): quarkus-vertx-http-deployment-1.12.0.Final.jar (0.3/1.7 MB) | arc-processor-1.12.0.Final.jar (129/335 kB) | quarkus-security-spi-1.12.0.Final.jar (4.5 kB) | quarkus-resteasy-deployment-1.12.0.Final.jar (17 kB) | quarkus-arc-deployment-1.12.0.Final.jar (71/212 kB)Progress (5): quarkus-vertx-http-deployment-1.12.0.Final.jar (0.3/1.7 MB) | arc-processor-1.12.0.Final.jar (129/335 kB) | quarkus-security-spi-1.12.0.Final.jar (4.5 kB) | quarkus-resteasy-deployment-1.12.0.Final.jar (17 kB) | quarkus-arc-deployment-1.12.0.Final.jar (71/212 kB)Progress (5): quarkus-vertx-http-deployment-1.12.0.Final.jar (0.3/1.7 MB) | arc-processor-1.12.0.Final.jar (132/335 kB) | quarkus-security-spi-1.12.0.Final.jar (4.5 kB) | quarkus-resteasy-deployment-1.12.0.Final.jar (17 kB) | quarkus-arc-deployment-1.12.0.Final.jar (71/212 kB)Progress (5): quarkus-vertx-http-deployment-1.12.0.Final.jar (0.3/1.7 MB) | arc-processor-1.12.0.Final.jar (132/335 kB) | quarkus-security-spi-1.12.0.Final.jar (4.5 kB) | quarkus-resteasy-deployment-1.12.0.Final.jar (17 kB) | quarkus-arc-deployment-1.12.0.Final.jar (74/212 kB)Progress (5): quarkus-vertx-http-deployment-1.12.0.Final.jar (0.3/1.7 MB) | arc-processor-1.12.0.Final.jar (132/335 kB) | quarkus-security-spi-1.12.0.Final.jar (4.5 kB) | quarkus-resteasy-deployment-1.12.0.Final.jar (17 kB) | quarkus-arc-deployment-1.12.0.Final.jar (77/212 kB)Progress (5): quarkus-vertx-http-deployment-1.12.0.Final.jar (0.3/1.7 MB) | arc-processor-1.12.0.Final.jar (134/335 kB) | quarkus-security-spi-1.12.0.Final.jar (4.5 kB) | quarkus-resteasy-deployment-1.12.0.Final.jar (17 kB) | quarkus-arc-deployment-1.12.0.Final.jar (77/212 kB)Progress (5): quarkus-vertx-http-deployment-1.12.0.Final.jar (0.3/1.7 MB) | arc-processor-1.12.0.Final.jar (134/335 kB) | quarkus-security-spi-1.12.0.Final.jar (4.5 kB) | quarkus-resteasy-deployment-1.12.0.Final.jar (17 kB) | quarkus-arc-deployment-1.12.0.Final.jar (80/212 kB)Progress (5): quarkus-vertx-http-deployment-1.12.0.Final.jar (0.3/1.7 MB) | arc-processor-1.12.0.Final.jar (134/335 kB) | quarkus-security-spi-1.12.0.Final.jar (4.5 kB) | quarkus-resteasy-deployment-1.12.0.Final.jar (17 kB) | quarkus-arc-deployment-1.12.0.Final.jar (82/212 kB)Progress (5): quarkus-vertx-http-deployment-1.12.0.Final.jar (0.3/1.7 MB) | arc-processor-1.12.0.Final.jar (137/335 kB) | quarkus-security-spi-1.12.0.Final.jar (4.5 kB) | quarkus-resteasy-deployment-1.12.0.Final.jar (17 kB) | quarkus-arc-deployment-1.12.0.Final.jar (82/212 kB)Progress (5): quarkus-vertx-http-deployment-1.12.0.Final.jar (0.3/1.7 MB) | arc-processor-1.12.0.Final.jar (137/335 kB) | quarkus-security-spi-1.12.0.Final.jar (4.5 kB) | quarkus-resteasy-deployment-1.12.0.Final.jar (17 kB) | quarkus-arc-deployment-1.12.0.Final.jar (82/212 kB)Progress (5): quarkus-vertx-http-deployment-1.12.0.Final.jar (0.3/1.7 MB) | arc-processor-1.12.0.Final.jar (137/335 kB) | quarkus-security-spi-1.12.0.Final.jar (4.5 kB) | quarkus-resteasy-deployment-1.12.0.Final.jar (17 kB) | quarkus-arc-deployment-1.12.0.Final.jar (82/212 kB)Progress (5): quarkus-vertx-http-deployment-1.12.0.Final.jar (0.3/1.7 MB) | arc-processor-1.12.0.Final.jar (137/335 kB) | quarkus-security-spi-1.12.0.Final.jar (4.5 kB) | quarkus-resteasy-deployment-1.12.0.Final.jar (17 kB) | quarkus-arc-deployment-1.12.0.Final.jar (85/212 kB)Progress (5): quarkus-vertx-http-deployment-1.12.0.Final.jar (0.3/1.7 MB) | arc-processor-1.12.0.Final.jar (137/335 kB) | quarkus-security-spi-1.12.0.Final.jar (4.5 kB) | quarkus-resteasy-deployment-1.12.0.Final.jar (17 kB) | quarkus-arc-deployment-1.12.0.Final.jar (85/212 kB)Progress (5): quarkus-vertx-http-deployment-1.12.0.Final.jar (0.3/1.7 MB) | arc-processor-1.12.0.Final.jar (137/335 kB) | quarkus-security-spi-1.12.0.Final.jar (4.5 kB) | quarkus-resteasy-deployment-1.12.0.Final.jar (17 kB) | quarkus-arc-deployment-1.12.0.Final.jar (85/212 kB)Progress (5): quarkus-vertx-http-deployment-1.12.0.Final.jar (0.3/1.7 MB) | arc-processor-1.12.0.Final.jar (137/335 kB) | quarkus-security-spi-1.12.0.Final.jar (4.5 kB) | quarkus-resteasy-deployment-1.12.0.Final.jar (17 kB) | quarkus-arc-deployment-1.12.0.Final.jar (88/212 kB)Progress (5): quarkus-vertx-http-deployment-1.12.0.Final.jar (0.3/1.7 MB) | arc-processor-1.12.0.Final.jar (137/335 kB) | quarkus-security-spi-1.12.0.Final.jar (4.5 kB) | quarkus-resteasy-deployment-1.12.0.Final.jar (17 kB) | quarkus-arc-deployment-1.12.0.Final.jar (90/212 kB)Progress (5): quarkus-vertx-http-deployment-1.12.0.Final.jar (0.3/1.7 MB) | arc-processor-1.12.0.Final.jar (137/335 kB) | quarkus-security-spi-1.12.0.Final.jar (4.5 kB) | quarkus-resteasy-deployment-1.12.0.Final.jar (17 kB) | quarkus-arc-deployment-1.12.0.Final.jar (90/212 kB)Progress (5): quarkus-vertx-http-deployment-1.12.0.Final.jar (0.3/1.7 MB) | arc-processor-1.12.0.Final.jar (137/335 kB) | quarkus-security-spi-1.12.0.Final.jar (4.5 kB) | quarkus-resteasy-deployment-1.12.0.Final.jar (17 kB) | quarkus-arc-deployment-1.12.0.Final.jar (93/212 kB)Progress (5): quarkus-vertx-http-deployment-1.12.0.Final.jar (0.3/1.7 MB) | arc-processor-1.12.0.Final.jar (137/335 kB) | quarkus-security-spi-1.12.0.Final.jar (4.5 kB) | quarkus-resteasy-deployment-1.12.0.Final.jar (17 kB) | quarkus-arc-deployment-1.12.0.Final.jar (93/212 kB)Progress (5): quarkus-vertx-http-deployment-1.12.0.Final.jar (0.3/1.7 MB) | arc-processor-1.12.0.Final.jar (137/335 kB) | quarkus-security-spi-1.12.0.Final.jar (4.5 kB) | quarkus-resteasy-deployment-1.12.0.Final.jar (17 kB) | quarkus-arc-deployment-1.12.0.Final.jar (93/212 kB)Progress (5): quarkus-vertx-http-deployment-1.12.0.Final.jar (0.3/1.7 MB) | arc-processor-1.12.0.Final.jar (137/335 kB) | quarkus-security-spi-1.12.0.Final.jar (4.5 kB) | quarkus-resteasy-deployment-1.12.0.Final.jar (17 kB) | quarkus-arc-deployment-1.12.0.Final.jar (93/212 kB)Progress (5): quarkus-vertx-http-deployment-1.12.0.Final.jar (0.3/1.7 MB) | arc-processor-1.12.0.Final.jar (137/335 kB) | quarkus-security-spi-1.12.0.Final.jar (4.5 kB) | quarkus-resteasy-deployment-1.12.0.Final.jar (17 kB) | quarkus-arc-deployment-1.12.0.Final.jar (96/212 kB)Progress (5): quarkus-vertx-http-deployment-1.12.0.Final.jar (0.3/1.7 MB) | arc-processor-1.12.0.Final.jar (137/335 kB) | quarkus-security-spi-1.12.0.Final.jar (4.5 kB) | quarkus-resteasy-deployment-1.12.0.Final.jar (17 kB) | quarkus-arc-deployment-1.12.0.Final.jar (96/212 kB)Progress (5): quarkus-vertx-http-deployment-1.12.0.Final.jar (0.3/1.7 MB) | arc-processor-1.12.0.Final.jar (137/335 kB) | quarkus-security-spi-1.12.0.Final.jar (4.5 kB) | quarkus-resteasy-deployment-1.12.0.Final.jar (17 kB) | quarkus-arc-deployment-1.12.0.Final.jar (99/212 kB)Progress (5): quarkus-vertx-http-deployment-1.12.0.Final.jar (0.3/1.7 MB) | arc-processor-1.12.0.Final.jar (137/335 kB) | quarkus-security-spi-1.12.0.Final.jar (4.5 kB) | quarkus-resteasy-deployment-1.12.0.Final.jar (17 kB) | quarkus-arc-deployment-1.12.0.Final.jar (99/212 kB)Progress (5): quarkus-vertx-http-deployment-1.12.0.Final.jar (0.4/1.7 MB) | arc-processor-1.12.0.Final.jar (137/335 kB) | quarkus-security-spi-1.12.0.Final.jar (4.5 kB) | quarkus-resteasy-deployment-1.12.0.Final.jar (17 kB) | quarkus-arc-deployment-1.12.0.Final.jar (99/212 kB)Progress (5): quarkus-vertx-http-deployment-1.12.0.Final.jar (0.4/1.7 MB) | arc-processor-1.12.0.Final.jar (137/335 kB) | quarkus-security-spi-1.12.0.Final.jar (4.5 kB) | quarkus-resteasy-deployment-1.12.0.Final.jar (17 kB) | quarkus-arc-deployment-1.12.0.Final.jar (99/212 kB)Progress (5): quarkus-vertx-http-deployment-1.12.0.Final.jar (0.4/1.7 MB) | arc-processor-1.12.0.Final.jar (137/335 kB) | quarkus-security-spi-1.12.0.Final.jar (4.5 kB) | quarkus-resteasy-deployment-1.12.0.Final.jar (17 kB) | quarkus-arc-deployment-1.12.0.Final.jar (99/212 kB)Progress (5): quarkus-vertx-http-deployment-1.12.0.Final.jar (0.4/1.7 MB) | arc-processor-1.12.0.Final.jar (137/335 kB) | quarkus-security-spi-1.12.0.Final.jar (4.5 kB) | quarkus-resteasy-deployment-1.12.0.Final.jar (17 kB) | quarkus-arc-deployment-1.12.0.Final.jar (99/212 kB)Progress (5): quarkus-vertx-http-deployment-1.12.0.Final.jar (0.4/1.7 MB) | arc-processor-1.12.0.Final.jar (137/335 kB) | quarkus-security-spi-1.12.0.Final.jar (4.5 kB) | quarkus-resteasy-deployment-1.12.0.Final.jar (17 kB) | quarkus-arc-deployment-1.12.0.Final.jar (99/212 kB)Progress (5): quarkus-vertx-http-deployment-1.12.0.Final.jar (0.4/1.7 MB) | arc-processor-1.12.0.Final.jar (137/335 kB) | quarkus-security-spi-1.12.0.Final.jar (4.5 kB) | quarkus-resteasy-deployment-1.12.0.Final.jar (17 kB) | quarkus-arc-deployment-1.12.0.Final.jar (99/212 kB)Progress (5): quarkus-vertx-http-deployment-1.12.0.Final.jar (0.4/1.7 MB) | arc-processor-1.12.0.Final.jar (137/335 kB) | quarkus-security-spi-1.12.0.Final.jar (4.5 kB) | quarkus-resteasy-deployment-1.12.0.Final.jar (17 kB) | quarkus-arc-deployment-1.12.0.Final.jar (99/212 kB)Progress (5): quarkus-vertx-http-deployment-1.12.0.Final.jar (0.4/1.7 MB) | arc-processor-1.12.0.Final.jar (137/335 kB) | quarkus-security-spi-1.12.0.Final.jar (4.5 kB) | quarkus-resteasy-deployment-1.12.0.Final.jar (17 kB) | quarkus-arc-deployment-1.12.0.Final.jar (99/212 kB)Progress (5): quarkus-vertx-http-deployment-1.12.0.Final.jar (0.4/1.7 MB) | arc-processor-1.12.0.Final.jar (137/335 kB) | quarkus-security-spi-1.12.0.Final.jar (4.5 kB) | quarkus-resteasy-deployment-1.12.0.Final.jar (17 kB) | quarkus-arc-deployment-1.12.0.Final.jar (99/212 kB)Progress (5): quarkus-vertx-http-deployment-1.12.0.Final.jar (0.4/1.7 MB) | arc-processor-1.12.0.Final.jar (137/335 kB) | quarkus-security-spi-1.12.0.Final.jar (4.5 kB) | quarkus-resteasy-deployment-1.12.0.Final.jar (17 kB) | quarkus-arc-deployment-1.12.0.Final.jar (99/212 kB)Progress (5): quarkus-vertx-http-deployment-1.12.0.Final.jar (0.4/1.7 MB) | arc-processor-1.12.0.Final.jar (137/335 kB) | quarkus-security-spi-1.12.0.Final.jar (4.5 kB) | quarkus-resteasy-deployment-1.12.0.Final.jar (17 kB) | quarkus-arc-deployment-1.12.0.Final.jar (99/212 kB)Progress (5): quarkus-vertx-http-deployment-1.12.0.Final.jar (0.4/1.7 MB) | arc-processor-1.12.0.Final.jar (137/335 kB) | quarkus-security-spi-1.12.0.Final.jar (4.5 kB) | quarkus-resteasy-deployment-1.12.0.Final.jar (17 kB) | quarkus-arc-deployment-1.12.0.Final.jar (99/212 kB)Progress (5): quarkus-vertx-http-deployment-1.12.0.Final.jar (0.5/1.7 MB) | arc-processor-1.12.0.Final.jar (137/335 kB) | quarkus-security-spi-1.12.0.Final.jar (4.5 kB) | quarkus-resteasy-deployment-1.12.0.Final.jar (17 kB) | quarkus-arc-deployment-1.12.0.Final.jar (99/212 kB)Progress (5): quarkus-vertx-http-deployment-1.12.0.Final.jar (0.5/1.7 MB) | arc-processor-1.12.0.Final.jar (137/335 kB) | quarkus-security-spi-1.12.0.Final.jar (4.5 kB) | quarkus-resteasy-deployment-1.12.0.Final.jar (17 kB) | quarkus-arc-deployment-1.12.0.Final.jar (99/212 kB)Progress (5): quarkus-vertx-http-deployment-1.12.0.Final.jar (0.5/1.7 MB) | arc-processor-1.12.0.Final.jar (140/335 kB) | quarkus-security-spi-1.12.0.Final.jar (4.5 kB) | quarkus-resteasy-deployment-1.12.0.Final.jar (17 kB) | quarkus-arc-deployment-1.12.0.Final.jar (99/212 kB)Progress (5): quarkus-vertx-http-deployment-1.12.0.Final.jar (0.5/1.7 MB) | arc-processor-1.12.0.Final.jar (143/335 kB) | quarkus-security-spi-1.12.0.Final.jar (4.5 kB) | quarkus-resteasy-deployment-1.12.0.Final.jar (17 kB) | quarkus-arc-deployment-1.12.0.Final.jar (99/212 kB)Progress (5): quarkus-vertx-http-deployment-1.12.0.Final.jar (0.5/1.7 MB) | arc-processor-1.12.0.Final.jar (145/335 kB) | quarkus-security-spi-1.12.0.Final.jar (4.5 kB) | quarkus-resteasy-deployment-1.12.0.Final.jar (17 kB) | quarkus-arc-deployment-1.12.0.Final.jar (99/212 kB)Progress (5): quarkus-vertx-http-deployment-1.12.0.Final.jar (0.5/1.7 MB) | arc-processor-1.12.0.Final.jar (148/335 kB) | quarkus-security-spi-1.12.0.Final.jar (4.5 kB) | quarkus-resteasy-deployment-1.12.0.Final.jar (17 kB) | quarkus-arc-deployment-1.12.0.Final.jar (99/212 kB)Progress (5): quarkus-vertx-http-deployment-1.12.0.Final.jar (0.5/1.7 MB) | arc-processor-1.12.0.Final.jar (151/335 kB) | quarkus-security-spi-1.12.0.Final.jar (4.5 kB) | quarkus-resteasy-deployment-1.12.0.Final.jar (17 kB) | quarkus-arc-deployment-1.12.0.Final.jar (99/212 kB)Progress (5): quarkus-vertx-http-deployment-1.12.0.Final.jar (0.5/1.7 MB) | arc-processor-1.12.0.Final.jar (154/335 kB) | quarkus-security-spi-1.12.0.Final.jar (4.5 kB) | quarkus-resteasy-deployment-1.12.0.Final.jar (17 kB) | quarkus-arc-deployment-1.12.0.Final.jar (99/212 kB)Progress (5): quarkus-vertx-http-deployment-1.12.0.Final.jar (0.5/1.7 MB) | arc-processor-1.12.0.Final.jar (156/335 kB) | quarkus-security-spi-1.12.0.Final.jar (4.5 kB) | quarkus-resteasy-deployment-1.12.0.Final.jar (17 kB) | quarkus-arc-deployment-1.12.0.Final.jar (99/212 kB)Progress (5): quarkus-vertx-http-deployment-1.12.0.Final.jar (0.5/1.7 MB) | arc-processor-1.12.0.Final.jar (159/335 kB) | quarkus-security-spi-1.12.0.Final.jar (4.5 kB) | quarkus-resteasy-deployment-1.12.0.Final.jar (17 kB) | quarkus-arc-deployment-1.12.0.Final.jar (99/212 kB)Progress (5): quarkus-vertx-http-deployment-1.12.0.Final.jar (0.5/1.7 MB) | arc-processor-1.12.0.Final.jar (162/335 kB) | quarkus-security-spi-1.12.0.Final.jar (4.5 kB) | quarkus-resteasy-deployment-1.12.0.Final.jar (17 kB) | quarkus-arc-deployment-1.12.0.Final.jar (99/212 kB)Progress (5): quarkus-vertx-http-deployment-1.12.0.Final.jar (0.5/1.7 MB) | arc-processor-1.12.0.Final.jar (165/335 kB) | quarkus-security-spi-1.12.0.Final.jar (4.5 kB) | quarkus-resteasy-deployment-1.12.0.Final.jar (17 kB) | quarkus-arc-deployment-1.12.0.Final.jar (99/212 kB)Progress (5): quarkus-vertx-http-deployment-1.12.0.Final.jar (0.5/1.7 MB) | arc-processor-1.12.0.Final.jar (167/335 kB) | quarkus-security-spi-1.12.0.Final.jar (4.5 kB) | quarkus-resteasy-deployment-1.12.0.Final.jar (17 kB) | quarkus-arc-deployment-1.12.0.Final.jar (99/212 kB)Progress (5): quarkus-vertx-http-deployment-1.12.0.Final.jar (0.5/1.7 MB) | arc-processor-1.12.0.Final.jar (170/335 kB) | quarkus-security-spi-1.12.0.Final.jar (4.5 kB) | quarkus-resteasy-deployment-1.12.0.Final.jar (17 kB) | quarkus-arc-deployment-1.12.0.Final.jar (99/212 kB)Progress (5): quarkus-vertx-http-deployment-1.12.0.Final.jar (0.5/1.7 MB) | arc-processor-1.12.0.Final.jar (173/335 kB) | quarkus-security-spi-1.12.0.Final.jar (4.5 kB) | quarkus-resteasy-deployment-1.12.0.Final.jar (17 kB) | quarkus-arc-deployment-1.12.0.Final.jar (99/212 kB)Progress (5): quarkus-vertx-http-deployment-1.12.0.Final.jar (0.5/1.7 MB) | arc-processor-1.12.0.Final.jar (175/335 kB) | quarkus-security-spi-1.12.0.Final.jar (4.5 kB) | quarkus-resteasy-deployment-1.12.0.Final.jar (17 kB) | quarkus-arc-deployment-1.12.0.Final.jar (99/212 kB)Progress (5): quarkus-vertx-http-deployment-1.12.0.Final.jar (0.5/1.7 MB) | arc-processor-1.12.0.Final.jar (178/335 kB) | quarkus-security-spi-1.12.0.Final.jar (4.5 kB) | quarkus-resteasy-deployment-1.12.0.Final.jar (17 kB) | quarkus-arc-deployment-1.12.0.Final.jar (99/212 kB)Progress (5): quarkus-vertx-http-deployment-1.12.0.Final.jar (0.5/1.7 MB) | arc-processor-1.12.0.Final.jar (181/335 kB) | quarkus-security-spi-1.12.0.Final.jar (4.5 kB) | quarkus-resteasy-deployment-1.12.0.Final.jar (17 kB) | quarkus-arc-deployment-1.12.0.Final.jar (99/212 kB)Progress (5): quarkus-vertx-http-deployment-1.12.0.Final.jar (0.5/1.7 MB) | arc-processor-1.12.0.Final.jar (184/335 kB) | quarkus-security-spi-1.12.0.Final.jar (4.5 kB) | quarkus-resteasy-deployment-1.12.0.Final.jar (17 kB) | quarkus-arc-deployment-1.12.0.Final.jar (99/212 kB)Progress (5): quarkus-vertx-http-deployment-1.12.0.Final.jar (0.5/1.7 MB) | arc-processor-1.12.0.Final.jar (186/335 kB) | quarkus-security-spi-1.12.0.Final.jar (4.5 kB) | quarkus-resteasy-deployment-1.12.0.Final.jar (17 kB) | quarkus-arc-deployment-1.12.0.Final.jar (99/212 kB)Progress (5): quarkus-vertx-http-deployment-1.12.0.Final.jar (0.5/1.7 MB) | arc-processor-1.12.0.Final.jar (189/335 kB) | quarkus-security-spi-1.12.0.Final.jar (4.5 kB) | quarkus-resteasy-deployment-1.12.0.Final.jar (17 kB) | quarkus-arc-deployment-1.12.0.Final.jar (99/212 kB)Progress (5): quarkus-vertx-http-deployment-1.12.0.Final.jar (0.5/1.7 MB) | arc-processor-1.12.0.Final.jar (192/335 kB) | quarkus-security-spi-1.12.0.Final.jar (4.5 kB) | quarkus-resteasy-deployment-1.12.0.Final.jar (17 kB) | quarkus-arc-deployment-1.12.0.Final.jar (99/212 kB)Progress (5): quarkus-vertx-http-deployment-1.12.0.Final.jar (0.5/1.7 MB) | arc-processor-1.12.0.Final.jar (192/335 kB) | quarkus-security-spi-1.12.0.Final.jar (4.5 kB) | quarkus-resteasy-deployment-1.12.0.Final.jar (17 kB) | quarkus-arc-deployment-1.12.0.Final.jar (101/212 kB)Progress (5): quarkus-vertx-http-deployment-1.12.0.Final.jar (0.5/1.7 MB) | arc-processor-1.12.0.Final.jar (195/335 kB) | quarkus-security-spi-1.12.0.Final.jar (4.5 kB) | quarkus-resteasy-deployment-1.12.0.Final.jar (17 kB) | quarkus-arc-deployment-1.12.0.Final.jar (101/212 kB)Progress (5): quarkus-vertx-http-deployment-1.12.0.Final.jar (0.5/1.7 MB) | arc-processor-1.12.0.Final.jar (195/335 kB) | quarkus-security-spi-1.12.0.Final.jar (4.5 kB) | quarkus-resteasy-deployment-1.12.0.Final.jar (17 kB) | quarkus-arc-deployment-1.12.0.Final.jar (104/212 kB)Progress (5): quarkus-vertx-http-deployment-1.12.0.Final.jar (0.5/1.7 MB) | arc-processor-1.12.0.Final.jar (197/335 kB) | quarkus-security-spi-1.12.0.Final.jar (4.5 kB) | quarkus-resteasy-deployment-1.12.0.Final.jar (17 kB) | quarkus-arc-deployment-1.12.0.Final.jar (104/212 kB)Progress (5): quarkus-vertx-http-deployment-1.12.0.Final.jar (0.5/1.7 MB) | arc-processor-1.12.0.Final.jar (197/335 kB) | quarkus-security-spi-1.12.0.Final.jar (4.5 kB) | quarkus-resteasy-deployment-1.12.0.Final.jar (17 kB) | quarkus-arc-deployment-1.12.0.Final.jar (107/212 kB)Progress (5): quarkus-vertx-http-deployment-1.12.0.Final.jar (0.5/1.7 MB) | arc-processor-1.12.0.Final.jar (200/335 kB) | quarkus-security-spi-1.12.0.Final.jar (4.5 kB) | quarkus-resteasy-deployment-1.12.0.Final.jar (17 kB) | quarkus-arc-deployment-1.12.0.Final.jar (107/212 kB)Progress (5): quarkus-vertx-http-deployment-1.12.0.Final.jar (0.5/1.7 MB) | arc-processor-1.12.0.Final.jar (200/335 kB) | quarkus-security-spi-1.12.0.Final.jar (4.5 kB) | quarkus-resteasy-deployment-1.12.0.Final.jar (17 kB) | quarkus-arc-deployment-1.12.0.Final.jar (110/212 kB)Progress (5): quarkus-vertx-http-deployment-1.12.0.Final.jar (0.5/1.7 MB) | arc-processor-1.12.0.Final.jar (203/335 kB) | quarkus-security-spi-1.12.0.Final.jar (4.5 kB) | quarkus-resteasy-deployment-1.12.0.Final.jar (17 kB) | quarkus-arc-deployment-1.12.0.Final.jar (110/212 kB)Progress (5): quarkus-vertx-http-deployment-1.12.0.Final.jar (0.5/1.7 MB) | arc-processor-1.12.0.Final.jar (203/335 kB) | quarkus-security-spi-1.12.0.Final.jar (4.5 kB) | quarkus-resteasy-deployment-1.12.0.Final.jar (17 kB) | quarkus-arc-deployment-1.12.0.Final.jar (112/212 kB)Progress (5): quarkus-vertx-http-deployment-1.12.0.Final.jar (0.5/1.7 MB) | arc-processor-1.12.0.Final.jar (206/335 kB) | quarkus-security-spi-1.12.0.Final.jar (4.5 kB) | quarkus-resteasy-deployment-1.12.0.Final.jar (17 kB) | quarkus-arc-deployment-1.12.0.Final.jar (112/212 kB)Progress (5): quarkus-vertx-http-deployment-1.12.0.Final.jar (0.5/1.7 MB) | arc-processor-1.12.0.Final.jar (206/335 kB) | quarkus-security-spi-1.12.0.Final.jar (4.5 kB) | quarkus-resteasy-deployment-1.12.0.Final.jar (17 kB) | quarkus-arc-deployment-1.12.0.Final.jar (115/212 kB)Progress (5): quarkus-vertx-http-deployment-1.12.0.Final.jar (0.5/1.7 MB) | arc-processor-1.12.0.Final.jar (206/335 kB) | quarkus-security-spi-1.12.0.Final.jar (4.5 kB) | quarkus-resteasy-deployment-1.12.0.Final.jar (17 kB) | quarkus-arc-deployment-1.12.0.Final.jar (118/212 kB)Progress (5): quarkus-vertx-http-deployment-1.12.0.Final.jar (0.5/1.7 MB) | arc-processor-1.12.0.Final.jar (208/335 kB) | quarkus-security-spi-1.12.0.Final.jar (4.5 kB) | quarkus-resteasy-deployment-1.12.0.Final.jar (17 kB) | quarkus-arc-deployment-1.12.0.Final.jar (118/212 kB)Progress (5): quarkus-vertx-http-deployment-1.12.0.Final.jar (0.5/1.7 MB) | arc-processor-1.12.0.Final.jar (208/335 kB) | quarkus-security-spi-1.12.0.Final.jar (4.5 kB) | quarkus-resteasy-deployment-1.12.0.Final.jar (17 kB) | quarkus-arc-deployment-1.12.0.Final.jar (121/212 kB)Progress (5): quarkus-vertx-http-deployment-1.12.0.Final.jar (0.5/1.7 MB) | arc-processor-1.12.0.Final.jar (211/335 kB) | quarkus-security-spi-1.12.0.Final.jar (4.5 kB) | quarkus-resteasy-deployment-1.12.0.Final.jar (17 kB) | quarkus-arc-deployment-1.12.0.Final.jar (121/212 kB)Progress (5): quarkus-vertx-http-deployment-1.12.0.Final.jar (0.5/1.7 MB) | arc-processor-1.12.0.Final.jar (211/335 kB) | quarkus-security-spi-1.12.0.Final.jar (4.5 kB) | quarkus-resteasy-deployment-1.12.0.Final.jar (17 kB) | quarkus-arc-deployment-1.12.0.Final.jar (123/212 kB)Progress (5): quarkus-vertx-http-deployment-1.12.0.Final.jar (0.5/1.7 MB) | arc-processor-1.12.0.Final.jar (214/335 kB) | quarkus-security-spi-1.12.0.Final.jar (4.5 kB) | quarkus-resteasy-deployment-1.12.0.Final.jar (17 kB) | quarkus-arc-deployment-1.12.0.Final.jar (123/212 kB)Progress (5): quarkus-vertx-http-deployment-1.12.0.Final.jar (0.5/1.7 MB) | arc-processor-1.12.0.Final.jar (214/335 kB) | quarkus-security-spi-1.12.0.Final.jar (4.5 kB) | quarkus-resteasy-deployment-1.12.0.Final.jar (17 kB) | quarkus-arc-deployment-1.12.0.Final.jar (126/212 kB)Progress (5): quarkus-vertx-http-deployment-1.12.0.Final.jar (0.5/1.7 MB) | arc-processor-1.12.0.Final.jar (217/335 kB) | quarkus-security-spi-1.12.0.Final.jar (4.5 kB) | quarkus-resteasy-deployment-1.12.0.Final.jar (17 kB) | quarkus-arc-deployment-1.12.0.Final.jar (126/212 kB)Progress (5): quarkus-vertx-http-deployment-1.12.0.Final.jar (0.5/1.7 MB) | arc-processor-1.12.0.Final.jar (217/335 kB) | quarkus-security-spi-1.12.0.Final.jar (4.5 kB) | quarkus-resteasy-deployment-1.12.0.Final.jar (17 kB) | quarkus-arc-deployment-1.12.0.Final.jar (129/212 kB)Progress (5): quarkus-vertx-http-deployment-1.12.0.Final.jar (0.5/1.7 MB) | arc-processor-1.12.0.Final.jar (219/335 kB) | quarkus-security-spi-1.12.0.Final.jar (4.5 kB) | quarkus-resteasy-deployment-1.12.0.Final.jar (17 kB) | quarkus-arc-deployment-1.12.0.Final.jar (129/212 kB)Progress (5): quarkus-vertx-http-deployment-1.12.0.Final.jar (0.5/1.7 MB) | arc-processor-1.12.0.Final.jar (219/335 kB) | quarkus-security-spi-1.12.0.Final.jar (4.5 kB) | quarkus-resteasy-deployment-1.12.0.Final.jar (17 kB) | quarkus-arc-deployment-1.12.0.Final.jar (129/212 kB)Progress (5): quarkus-vertx-http-deployment-1.12.0.Final.jar (0.5/1.7 MB) | arc-processor-1.12.0.Final.jar (219/335 kB) | quarkus-security-spi-1.12.0.Final.jar (4.5 kB) | quarkus-resteasy-deployment-1.12.0.Final.jar (17 kB) | quarkus-arc-deployment-1.12.0.Final.jar (132/212 kB)Progress (5): quarkus-vertx-http-deployment-1.12.0.Final.jar (0.5/1.7 MB) | arc-processor-1.12.0.Final.jar (222/335 kB) | quarkus-security-spi-1.12.0.Final.jar (4.5 kB) | quarkus-resteasy-deployment-1.12.0.Final.jar (17 kB) | quarkus-arc-deployment-1.12.0.Final.jar (132/212 kB)Progress (5): quarkus-vertx-http-deployment-1.12.0.Final.jar (0.5/1.7 MB) | arc-processor-1.12.0.Final.jar (222/335 kB) | quarkus-security-spi-1.12.0.Final.jar (4.5 kB) | quarkus-resteasy-deployment-1.12.0.Final.jar (17 kB) | quarkus-arc-deployment-1.12.0.Final.jar (134/212 kB)Progress (5): quarkus-vertx-http-deployment-1.12.0.Final.jar (0.5/1.7 MB) | arc-processor-1.12.0.Final.jar (225/335 kB) | quarkus-security-spi-1.12.0.Final.jar (4.5 kB) | quarkus-resteasy-deployment-1.12.0.Final.jar (17 kB) | quarkus-arc-deployment-1.12.0.Final.jar (134/212 kB)Progress (5): quarkus-vertx-http-deployment-1.12.0.Final.jar (0.5/1.7 MB) | arc-processor-1.12.0.Final.jar (228/335 kB) | quarkus-security-spi-1.12.0.Final.jar (4.5 kB) | quarkus-resteasy-deployment-1.12.0.Final.jar (17 kB) | quarkus-arc-deployment-1.12.0.Final.jar (134/212 kB)Progress (5): quarkus-vertx-http-deployment-1.12.0.Final.jar (0.5/1.7 MB) | arc-processor-1.12.0.Final.jar (228/335 kB) | quarkus-security-spi-1.12.0.Final.jar (4.5 kB) | quarkus-resteasy-deployment-1.12.0.Final.jar (17 kB) | quarkus-arc-deployment-1.12.0.Final.jar (137/212 kB)Progress (5): quarkus-vertx-http-deployment-1.12.0.Final.jar (0.5/1.7 MB) | arc-processor-1.12.0.Final.jar (230/335 kB) | quarkus-security-spi-1.12.0.Final.jar (4.5 kB) | quarkus-resteasy-deployment-1.12.0.Final.jar (17 kB) | quarkus-arc-deployment-1.12.0.Final.jar (137/212 kB)Progress (5): quarkus-vertx-http-deployment-1.12.0.Final.jar (0.5/1.7 MB) | arc-processor-1.12.0.Final.jar (230/335 kB) | quarkus-security-spi-1.12.0.Final.jar (4.5 kB) | quarkus-resteasy-deployment-1.12.0.Final.jar (17 kB) | quarkus-arc-deployment-1.12.0.Final.jar (140/212 kB)Progress (5): quarkus-vertx-http-deployment-1.12.0.Final.jar (0.5/1.7 MB) | arc-processor-1.12.0.Final.jar (233/335 kB) | quarkus-security-spi-1.12.0.Final.jar (4.5 kB) | quarkus-resteasy-deployment-1.12.0.Final.jar (17 kB) | quarkus-arc-deployment-1.12.0.Final.jar (140/212 kB)Progress (5): quarkus-vertx-http-deployment-1.12.0.Final.jar (0.5/1.7 MB) | arc-processor-1.12.0.Final.jar (233/335 kB) | quarkus-security-spi-1.12.0.Final.jar (4.5 kB) | quarkus-resteasy-deployment-1.12.0.Final.jar (17 kB) | quarkus-arc-deployment-1.12.0.Final.jar (143/212 kB)Progress (5): quarkus-vertx-http-deployment-1.12.0.Final.jar (0.5/1.7 MB) | arc-processor-1.12.0.Final.jar (233/335 kB) | quarkus-security-spi-1.12.0.Final.jar (4.5 kB) | quarkus-resteasy-deployment-1.12.0.Final.jar (17 kB) | quarkus-arc-deployment-1.12.0.Final.jar (143/212 kB)Progress (5): quarkus-vertx-http-deployment-1.12.0.Final.jar (0.5/1.7 MB) | arc-processor-1.12.0.Final.jar (236/335 kB) | quarkus-security-spi-1.12.0.Final.jar (4.5 kB) | quarkus-resteasy-deployment-1.12.0.Final.jar (17 kB) | quarkus-arc-deployment-1.12.0.Final.jar (143/212 kB)Progress (5): quarkus-vertx-http-deployment-1.12.0.Final.jar (0.5/1.7 MB) | arc-processor-1.12.0.Final.jar (236/335 kB) | quarkus-security-spi-1.12.0.Final.jar (4.5 kB) | quarkus-resteasy-deployment-1.12.0.Final.jar (17 kB) | quarkus-arc-deployment-1.12.0.Final.jar (145/212 kB)Progress (5): quarkus-vertx-http-deployment-1.12.0.Final.jar (0.5/1.7 MB) | arc-processor-1.12.0.Final.jar (239/335 kB) | quarkus-security-spi-1.12.0.Final.jar (4.5 kB) | quarkus-resteasy-deployment-1.12.0.Final.jar (17 kB) | quarkus-arc-deployment-1.12.0.Final.jar (145/212 kB)Progress (5): quarkus-vertx-http-deployment-1.12.0.Final.jar (0.5/1.7 MB) | arc-processor-1.12.0.Final.jar (239/335 kB) | quarkus-security-spi-1.12.0.Final.jar (4.5 kB) | quarkus-resteasy-deployment-1.12.0.Final.jar (17 kB) | quarkus-arc-deployment-1.12.0.Final.jar (145/212 kB)Progress (5): quarkus-vertx-http-deployment-1.12.0.Final.jar (0.5/1.7 MB) | arc-processor-1.12.0.Final.jar (239/335 kB) | quarkus-security-spi-1.12.0.Final.jar (4.5 kB) | quarkus-resteasy-deployment-1.12.0.Final.jar (17 kB) | quarkus-arc-deployment-1.12.0.Final.jar (145/212 kB)Progress (5): quarkus-vertx-http-deployment-1.12.0.Final.jar (0.5/1.7 MB) | arc-processor-1.12.0.Final.jar (241/335 kB) | quarkus-security-spi-1.12.0.Final.jar (4.5 kB) | quarkus-resteasy-deployment-1.12.0.Final.jar (17 kB) | quarkus-arc-deployment-1.12.0.Final.jar (145/212 kB)Progress (5): quarkus-vertx-http-deployment-1.12.0.Final.jar (0.5/1.7 MB) | arc-processor-1.12.0.Final.jar (241/335 kB) | quarkus-security-spi-1.12.0.Final.jar (4.5 kB) | quarkus-resteasy-deployment-1.12.0.Final.jar (17 kB) | quarkus-arc-deployment-1.12.0.Final.jar (145/212 kB)Progress (5): quarkus-vertx-http-deployment-1.12.0.Final.jar (0.5/1.7 MB) | arc-processor-1.12.0.Final.jar (241/335 kB) | quarkus-security-spi-1.12.0.Final.jar (4.5 kB) | quarkus-resteasy-deployment-1.12.0.Final.jar (17 kB) | quarkus-arc-deployment-1.12.0.Final.jar (145/212 kB)Progress (5): quarkus-vertx-http-deployment-1.12.0.Final.jar (0.5/1.7 MB) | arc-processor-1.12.0.Final.jar (241/335 kB) | quarkus-security-spi-1.12.0.Final.jar (4.5 kB) | quarkus-resteasy-deployment-1.12.0.Final.jar (17 kB) | quarkus-arc-deployment-1.12.0.Final.jar (145/212 kB)Progress (5): quarkus-vertx-http-deployment-1.12.0.Final.jar (0.5/1.7 MB) | arc-processor-1.12.0.Final.jar (241/335 kB) | quarkus-security-spi-1.12.0.Final.jar (4.5 kB) | quarkus-resteasy-deployment-1.12.0.Final.jar (17 kB) | quarkus-arc-deployment-1.12.0.Final.jar (148/212 kB)Progress (5): quar
[...]
Downloading from central: https://repo.maven.apache.org/maven2/io/quarkus/quarkus-mutiny-deployment/1.12.0.Final/quarkus-mutiny-deployment-1.12.0.Final.jar
Progress (3): quarkus-vertx-http-deployment-1.12.0.Final.jar (0.7/1.7 MB) | arc-processor-1.12.0.Final.jar (335 kB) | quarkus-resteasy-deployment-1.12.0.Final.jar (17 kB)                                                                                                                                                                          Downloaded from central: https://repo.maven.apache.org/maven2/io/quarkus/quarkus-resteasy-deployment/1.12.0.Final/quarkus-resteasy-deployment-1.12.0.Final.jar (17 kB at 33 kB/s)
Downloading from central: https://repo.maven.apache.org/maven2/io/quarkus/quarkus-resteasy-mutiny-common-deployment/1.12.0.Final/quarkus-resteasy-mutiny-common-deployment-1.12.0.Final.jar
Progress (2): quarkus-vertx-http-deployment-1.12.0.Final.jar (0.7/1.7 MB) | arc-processor-1.12.0.Final.jar (335 kB)Progress (2): quarkus-vertx-http-deployment-1.12.0.Final.jar (0.7/1.7 MB) | arc-processor-1.12.0.Final.jar (335 kB)Progress (3): quarkus-vertx-http-deployment-1.12.0.Final.jar (0.7/1.7 MB) | arc-processor-1.12.0.Final.jar (335 kB) | quarkus-smallrye-context-propagation-deployment-1.12.0.Final.jar (2.7/6.7 kB)Progress (3): quarkus-vertx-http-deployment-1.12.0.Final.jar (0.8/1.7 MB) | arc-processor-1.12.0.Final.jar (335 kB) | quarkus-smallrye-context-propagation-deployment-1.12.0.Final.jar (2.7/6.7 kB)Progress (3): quarkus-vertx-http-deployment-1.12.0.Final.jar (0.8/1.7 MB) | arc-processor-1.12.0.Final.jar (335 kB) | quarkus-smallrye-context-propagation-deployment-1.12.0.Final.jar (5.5/6.7 kB)Progress (3): quarkus-vertx-http-deployment-1.12.0.Final.jar (0.8/1.7 MB) | arc-processor-1.12.0.Final.jar (335 kB) | quarkus-smallrye-context-propagation-deployment-1.12.0.Final.jar (6.7 kB)    Progress (3): quarkus-vertx-http-deployment-1.12.0.Final.jar (0.8/1.7 MB) | arc-processor-1.12.0.Final.jar (335 kB) | quarkus-smallrye-context-propagation-deployment-1.12.0.Final.jar (6.7 kB)Progress (3): quarkus-vertx-http-deployment-1.12.0.Final.jar (0.8/1.7 MB) | arc-processor-1.12.0.Final.jar (335 kB) | quarkus-smallrye-context-propagation-deployment-1.12.0.Final.jar (6.7 kB)Progress (3): quarkus-vertx-http-deployment-1.12.0.Final.jar (0.8/1.7 MB) | arc-processor-1.12.0.Final.jar (335 kB) | quarkus-smallrye-context-propagation-deployment-1.12.0.Final.jar (6.7 kB)Progress (3): quarkus-vertx-http-deployment-1.12.0.Final.jar (0.8/1.7 MB) | arc-processor-1.12.0.Final.jar (335 kB) | quarkus-smallrye-context-propagation-deployment-1.12.0.Final.jar (6.7 kB)Progress (3): quarkus-vertx-http-deployment-1.12.0.Final.jar (0.8/1.7 MB) | arc-processor-1.12.0.Final.jar (335 kB) | quarkus-smallrye-context-propagation-deployment-1.12.0.Final.jar (6.7 kB)                                                                                                                                                                                               Downloaded from central: https://repo.maven.apache.org/maven2/io/quarkus/arc/arc-processor/1.12.0.Final/arc-processor-1.12.0.Final.jar (335 kB at 615 kB/s)
Downloading from central: https://repo.maven.apache.org/maven2/io/quarkus/quarkus-resteasy-mutiny-deployment/1.12.0.Final/quarkus-resteasy-mutiny-deployment-1.12.0.Final.jar
Progress (2): quarkus-vertx-http-deployment-1.12.0.Final.jar (0.8/1.7 MB) | quarkus-smallrye-context-propagation-deployment-1.12.0.Final.jar (6.7 kB)Progress (2): quarkus-vertx-http-deployment-1.12.0.Final.jar (0.8/1.7 MB) | quarkus-smallrye-context-propagation-deployment-1.12.0.Final.jar (6.7 kB)Progress (2): quarkus-vertx-http-deployment-1.12.0.Final.jar (0.8/1.7 MB) | quarkus-smallrye-context-propagation-deployment-1.12.0.Final.jar (6.7 kB)Progress (2): quarkus-vertx-http-deployment-1.12.0.Final.jar (0.8/1.7 MB) | quarkus-smallrye-context-propagation-deployment-1.12.0.Final.jar (6.7 kB)Progress (3): quarkus-vertx-http-deployment-1.12.0.Final.jar (0.8/1.7 MB) | quarkus-smallrye-context-propagation-deployment-1.12.0.Final.jar (6.7 kB) | quarkus-resteasy-mutiny-common-deployment-1.12.0.Final.jar (4.1/4.6 kB)Progress (3): quarkus-vertx-http-deployment-1.12.0.Final.jar (0.8/1.7 MB) | quarkus-smallrye-context-propagation-deployment-1.12.0.Final.jar (6.7 kB) | quarkus-resteasy-mutiny-common-deployment-1.12.0.Final.jar (4.6 kB)    Progress (3): quarkus-vertx-http-deployment-1.12.0.Final.jar (0.8/1.7 MB) | quarkus-smallrye-context-propagation-deployment-1.12.0.Final.jar (6.7 kB) | quarkus-resteasy-mutiny-common-deployment-1.12.0.Final.jar (4.6 kB)Progress (3): quarkus-vertx-http-deployment-1.12.0.Final.jar (0.8/1.7 MB) | quarkus-smallrye-context-propagation-deployment-1.12.0.Final.jar (6.7 kB) | quarkus-resteasy-mutiny-common-deployment-1.12.0.Final.jar (4.6 kB)Progress (3): quarkus-vertx-http-deployment-1.12.0.Final.jar (0.8/1.7 MB) | quarkus-smallrye-context-propagation-deployment-1.12.0.Final.jar (6.7 kB) | quarkus-resteasy-mutiny-common-deployment-1.12.0.Final.jar (4.6 kB)Progress (4): quarkus-vertx-http-deployment-1.12.0.Final.jar (0.8/1.7 MB) | quarkus-smallrye-context-propagation-deployment-1.12.0.Final.jar (6.7 kB) | quarkus-resteasy-mutiny-common-deployment-1.12.0.Final.jar (4.6 kB) | quarkus-mutiny-deployment-1.12.0.Final.jar (2.7/4.0 kB)Progress (4): quarkus-vertx-http-deployment-1.12.0.Final.jar (0.8/1.7 MB) | quarkus-smallrye-context-propagation-deployment-1.12.0.Final.jar (6.7 kB) | quarkus-resteasy-mutiny-common-deployment-1.12.0.Final.jar (4.6 kB) | quarkus-mutiny-deployment-1.12.0.Final.jar (4.0 kB)    Progress (4): quarkus-vertx-http-deployment-1.12.0.Final.jar (0.9/1.7 MB) | quarkus-smallrye-context-propagation-deployment-1.12.0.Final.jar (6.7 kB) | quarkus-resteasy-mutiny-common-deployment-1.12.0.Final.jar (4.6 kB) | quarkus-mutiny-deployment-1.12.0.Final.jar (4.0 kB)Progress (4): quarkus-vertx-http-deployment-1.12.0.Final.jar (0.9/1.7 MB) | quarkus-smallrye-context-propagation-deployment-1.12.0.Final.jar (6.7 kB) | quarkus-resteasy-mutiny-common-deployment-1.12.0.Final.jar (4.6 kB) | quarkus-mutiny-deployment-1.12.0.Final.jar (4.0 kB)                                                                                                                                                                                                                                                                                 Downloaded from central: https://repo.maven.apache.org/maven2/io/quarkus/quarkus-smallrye-context-propagation-deployment/1.12.0.Final/quarkus-smallrye-context-propagation-deployment-1.12.0.Final.jar (6.7 kB at 12 kB/s)
Progress (3): quarkus-vertx-http-deployment-1.12.0.Final.jar (0.9/1.7 MB) | quarkus-resteasy-mutiny-common-deployment-1.12.0.Final.jar (4.6 kB) | quarkus-mutiny-deployment-1.12.0.Final.jar (4.0 kB)Progress (4): quarkus-vertx-http-deployment-1.12.0.Final.jar (0.9/1.7 MB) | quarkus-resteasy-mutiny-common-deployment-1.12.0.Final.jar (4.6 kB) | quarkus-mutiny-deployment-1.12.0.Final.jar (4.0 kB) | quarkus-resteasy-mutiny-deployment-1.12.0.Final.jar (4.0 kB)Progress (4): quarkus-vertx-http-deployment-1.12.0.Final.jar (0.9/1.7 MB) | quarkus-resteasy-mutiny-common-deployment-1.12.0.Final.jar (4.6 kB) | quarkus-mutiny-deployment-1.12.0.Final.jar (4.0 kB) | quarkus-resteasy-mutiny-deployment-1.12.0.Final.jar (4.0 kB)Progress (4): quarkus-vertx-http-deployment-1.12.0.Final.jar (0.9/1.7 MB) | quarkus-resteasy-mutiny-common-deployment-1.12.0.Final.jar (4.6 kB) | quarkus-mutiny-deployment-1.12.0.Final.jar (4.0 kB) | quarkus-resteasy-mutiny-deployment-1.12.0.Final.jar (4.0 kB)Progress (4): quarkus-vertx-http-deployment-1.12.0.Final.jar (0.9/1.7 MB) | quarkus-resteasy-mutiny-common-deployment-1.12.0.Final.jar (4.6 kB) | quarkus-mutiny-deployment-1.12.0.Final.jar (4.0 kB) | quarkus-resteasy-mutiny-deployment-1.12.0.Final.jar (4.0 kB)Progress (4): quarkus-vertx-http-deployment-1.12.0.Final.jar (0.9/1.7 MB) | quarkus-resteasy-mutiny-common-deployment-1.12.0.Final.jar (4.6 kB) | quarkus-mutiny-deployment-1.12.0.Final.jar (4.0 kB) | quarkus-resteasy-mutiny-deployment-1.12.0.Final.jar (4.0 kB)Progress (4): quarkus-vertx-http-deployment-1.12.0.Final.jar (0.9/1.7 MB) | quarkus-resteasy-mutiny-common-deployment-1.12.0.Final.jar (4.6 kB) | quarkus-mutiny-deployment-1.12.0.Final.jar (4.0 kB) | quarkus-resteasy-mutiny-deployment-1.12.0.Final.jar (4.0 kB)Progress (4): quarkus-vertx-http-deployment-1.12.0.Final.jar (0.9/1.7 MB) | quarkus-resteasy-mutiny-common-deployment-1.12.0.Final.jar (4.6 kB) | quarkus-mutiny-deployment-1.12.0.Final.jar (4.0 kB) | quarkus-resteasy-mutiny-deployment-1.12.0.Final.jar (4.0 kB)Progress (4): quarkus-vertx-http-deployment-1.12.0.Final.jar (0.9/1.7 MB) | quarkus-resteasy-mutiny-common-deployment-1.12.0.Final.jar (4.6 kB) | quarkus-mutiny-deployment-1.12.0.Final.jar (4.0 kB) | quarkus-resteasy-mutiny-deployment-1.12.0.Final.jar (4.0 kB)Progress (4): quarkus-vertx-http-deployment-1.12.0.Final.jar (0.9/1.7 MB) | quarkus-resteasy-mutiny-common-deployment-1.12.0.Final.jar (4.6 kB) | quarkus-mutiny-deployment-1.12.0.Final.jar (4.0 kB) | quarkus-resteasy-mutiny-deployment-1.12.0.Final.jar (4.0 kB)Progress (4): quarkus-vertx-http-deployment-1.12.0.Final.jar (1.0/1.7 MB) | quarkus-resteasy-mutiny-common-deployment-1.12.0.Final.jar (4.6 kB) | quarkus-mutiny-deployment-1.12.0.Final.jar (4.0 kB) | quarkus-resteasy-mutiny-deployment-1.12.0.Final.jar (4.0 kB)                                                                                                                                                                                                                                                                    Downloaded from central: https://repo.maven.apache.org/maven2/io/quarkus/quarkus-resteasy-mutiny-common-deployment/1.12.0.Final/quarkus-resteasy-mutiny-common-deployment-1.12.0.Final.jar (4.6 kB at 7.8 kB/s)
Progress (3): quarkus-vertx-http-deployment-1.12.0.Final.jar (1.0/1.7 MB) | quarkus-mutiny-deployment-1.12.0.Final.jar (4.0 kB) | quarkus-resteasy-mutiny-deployment-1.12.0.Final.jar (4.0 kB)                                                                                                                                                                                              Downloaded from central: https://repo.maven.apache.org/maven2/io/quarkus/quarkus-mutiny-deployment/1.12.0.Final/quarkus-mutiny-deployment-1.12.0.Final.jar (4.0 kB at 6.8 kB/s)
Progress (2): quarkus-vertx-http-deployment-1.12.0.Final.jar (1.0/1.7 MB) | quarkus-resteasy-mutiny-deployment-1.12.0.Final.jar (4.0 kB)Progress (2): quarkus-vertx-http-deployment-1.12.0.Final.jar (1.0/1.7 MB) | quarkus-resteasy-mutiny-deployment-1.12.0.Final.jar (4.0 kB)Progress (2): quarkus-vertx-http-deployment-1.12.0.Final.jar (1.0/1.7 MB) | quarkus-resteasy-mutiny-deployment-1.12.0.Final.jar (4.0 kB)Progress (2): quarkus-vertx-http-deployment-1.12.0.Final.jar (1.0/1.7 MB) | quarkus-resteasy-mutiny-deployment-1.12.0.Final.jar (4.0 kB)Progress (2): quarkus-vertx-http-deployment-1.12.0.Final.jar (1.0/1.7 MB) | quarkus-resteasy-mutiny-deployment-1.12.0.Final.jar (4.0 kB)                                                                                                                                        Downloaded from central: https://repo.maven.apache.org/maven2/io/quarkus/quarkus-resteasy-mutiny-deployment/1.12.0.Final/quarkus-resteasy-mutiny-deployment-1.12.0.Final.jar (4.0 kB at 6.6 kB/s)
Progress (1): quarkus-vertx-http-deployment-1.12.0.Final.jar (1.0/1.7 MB)Progress (1): quarkus-vertx-http-deployment-1.12.0.Final.jar (1.0/1.7 MB)Progress (1): quarkus-vertx-http-deployment-1.12.0.Final.jar (1.0/1.7 MB)Progress (1): quarkus-vertx-http-deployment-1.12.0.Final.jar (1.0/1.7 MB)Progress (1): quarkus-vertx-http-deployment-1.12.0.Final.jar (1.0/1.7 MB)Progress (1): quarkus-vertx-http-deployment-1.12.0.Final.jar (1.1/1.7 MB)Progress (1): quarkus-vertx-http-deployment-1.12.0.Final.jar (1.1/1.7 MB)Progress (1): quarkus-vertx-http-deployment-1.12.0.Final.jar (1.1/1.7 MB)Progress (1): quarkus-vertx-http-deployment-1.12.0.Final.jar (1.1/1.7 MB)Progress (1): quarkus-vertx-http-deployment-1.12.0.Final.jar (1.1/1.7 MB)Progress (1): quarkus-vertx-http-deployment-1.12.0.Final.jar (1.1/1.7 MB)Progress (1): quarkus-vertx-http-deployment-1.12.0.Final.jar (1.1/1.7 MB)Progress (1): quarkus-vertx-http-deployment-1.12.0.Final.jar (1.1/1.7 MB)Progress (1): quarkus-vertx-http-deployment-1.12.0.Final.jar (1.1/1.7 MB)Progress (1): quarkus-vertx-http-deployment-1.12.0.Final.jar (1.1/1.7 MB)Progress (1): quarkus-vertx-http-deployment-1.12.0.Final.jar (1.1/1.7 MB)Progress (1): quarkus-vertx-http-deployment-1.12.0.Final.jar (1.1/1.7 MB)Progress (1): quarkus-vertx-http-deployment-1.12.0.Final.jar (1.2/1.7 MB)Progress (1): quarkus-vertx-http-deployment-1.12.0.Final.jar (1.2/1.7 MB)Progress (1): quarkus-vertx-http-deployment-1.12.0.Final.jar (1.2/1.7 MB)Progress (1): quarkus-vertx-http-deployment-1.12.0.Final.jar (1.2/1.7 MB)Progress (1): quarkus-vertx-http-deployment-1.12.0.Final.jar (1.2/1.7 MB)Progress (1): quarkus-vertx-http-deployment-1.12.0.Final.jar (1.2/1.7 MB)Progress (1): quarkus-vertx-http-deployment-1.12.0.Final.jar (1.2/1.7 MB)Progress (1): quarkus-vertx-http-deployment-1.12.0.Final.jar (1.2/1.7 MB)Progress (1): quarkus-vertx-http-deployment-1.12.0.Final.jar (1.2/1.7 MB)Progress (1): quarkus-vertx-http-deployment-1.12.0.Final.jar (1.2/1.7 MB)Progress (1): quarkus-vertx-http-deployment-1.12.0.Final.jar (1.2/1.7 MB)Progress (1): quarkus-vertx-http-deployment-1.12.0.Final.jar (1.2/1.7 MB)Progress (1): quarkus-vertx-http-deployment-1.12.0.Final.jar (1.3/1.7 MB)Progress (1): quarkus-vertx-http-deployment-1.12.0.Final.jar (1.3/1.7 MB)Progress (1): quarkus-vertx-http-deployment-1.12.0.Final.jar (1.3/1.7 MB)Progress (1): quarkus-vertx-http-deployment-1.12.0.Final.jar (1.3/1.7 MB)Progress (1): quarkus-vertx-http-deployment-1.12.0.Final.jar (1.3/1.7 MB)Progress (1): quarkus-vertx-http-deployment-1.12.0.Final.jar (1.3/1.7 MB)Progress (1): quarkus-vertx-http-deployment-1.12.0.Final.jar (1.3/1.7 MB)Progress (1): quarkus-vertx-http-deployment-1.12.0.Final.jar (1.3/1.7 MB)Progress (1): quarkus-vertx-http-deployment-1.12.0.Final.jar (1.3/1.7 MB)Progress (1): quarkus-vertx-http-deployment-1.12.0.Final.jar (1.3/1.7 MB)Progress (1): quarkus-vertx-http-deployment-1.12.0.Final.jar (1.3/1.7 MB)Progress (1): quarkus-vertx-http-deployment-1.12.0.Final.jar (1.3/1.7 MB)Progress (1): quarkus-vertx-http-deployment-1.12.0.Final.jar (1.4/1.7 MB)Progress (1): quarkus-vertx-http-deployment-1.12.0.Final.jar (1.4/1.7 MB)Progress (1): quarkus-vertx-http-deployment-1.12.0.Final.jar (1.4/1.7 MB)Progress (1): quarkus-vertx-http-deployment-1.12.0.Final.jar (1.4/1.7 MB)Progress (1): quarkus-vertx-http-deployment-1.12.0.Final.jar (1.4/1.7 MB)Progress (1): quarkus-vertx-http-deployment-1.12.0.Final.jar (1.4/1.7 MB)Progress (1): quarkus-vertx-http-deployment-1.12.0.Final.jar (1.4/1.7 MB)Progress (1): quarkus-vertx-http-deployment-1.12.0.Final.jar (1.4/1.7 MB)Progress (1): quarkus-vertx-http-deployment-1.12.0.Final.jar (1.4/1.7 MB)Progress (1): quarkus-vertx-http-deployment-1.12.0.Final.jar (1.4/1.7 MB)Progress (1): quarkus-vertx-http-deployment-1.12.0.Final.jar (1.4/1.7 MB)Progress (1): quarkus-vertx-http-deployment-1.12.0.Final.jar (1.4/1.7 MB)Progress (1): quarkus-vertx-http-deployment-1.12.0.Final.jar (1.5/1.7 MB)Progress (1): quarkus-vertx-http-deployment-1.12.0.Final.jar (1.5/1.7 MB)Progress (1): quarkus-vertx-http-deployment-1.12.0.Final.jar (1.5/1.7 MB)Progress (1): quarkus-vertx-http-deployment-1.12.0.Final.jar (1.5/1.7 MB)Progress (1): quarkus-vertx-http-deployment-1.12.0.Final.jar (1.5/1.7 MB)Progress (1): quarkus-vertx-http-deployment-1.12.0.Final.jar (1.5/1.7 MB)Progress (1): quarkus-vertx-http-deployment-1.12.0.Final.jar (1.5/1.7 MB)Progress (1): quarkus-vertx-http-deployment-1.12.0.Final.jar (1.5/1.7 MB)Progress (1): quarkus-vertx-http-deployment-1.12.0.Final.jar (1.5/1.7 MB)Progress (1): quarkus-vertx-http-deployment-1.12.0.Final.jar (1.5/1.7 MB)Progress (1): quarkus-vertx-http-deployment-1.12.0.Final.jar (1.5/1.7 MB)Progress (1): quarkus-vertx-http-deployment-1.12.0.Final.jar (1.5/1.7 MB)Progress (1): quarkus-vertx-http-deployment-1.12.0.Final.jar (1.6/1.7 MB)Progress (1): quarkus-vertx-http-deployment-1.12.0.Final.jar (1.6/1.7 MB)Progress (1): quarkus-vertx-http-deployment-1.12.0.Final.jar (1.6/1.7 MB)Progress (1): quarkus-vertx-http-deployment-1.12.0.Final.jar (1.6/1.7 MB)Progress (1): quarkus-vertx-http-deployment-1.12.0.Final.jar (1.6/1.7 MB)Progress (1): quarkus-vertx-http-deployment-1.12.0.Final.jar (1.6/1.7 MB)Progress (1): quarkus-vertx-http-deployment-1.12.0.Final.jar (1.6/1.7 MB)Progress (1): quarkus-vertx-http-deployment-1.12.0.Final.jar (1.6/1.7 MB)Progress (1): quarkus-vertx-http-deployment-1.12.0.Final.jar (1.6/1.7 MB)Progress (1): quarkus-vertx-http-deployment-1.12.0.Final.jar (1.6/1.7 MB)Progress (1): quarkus-vertx-http-deployment-1.12.0.Final.jar (1.6/1.7 MB)Progress (1): quarkus-vertx-http-deployment-1.12.0.Final.jar (1.7/1.7 MB)Progress (1): quarkus-vertx-http-deployment-1.12.0.Final.jar (1.7/1.7 MB)Progress (1): quarkus-vertx-http-deployment-1.12.0.Final.jar (1.7/1.7 MB)Progress (1): quarkus-vertx-http-deployment-1.12.0.Final.jar (1.7/1.7 MB)Progress (1): quarkus-vertx-http-deployment-1.12.0.Final.jar (1.7/1.7 MB)Progress (1): quarkus-vertx-http-deployment-1.12.0.Final.jar (1.7/1.7 MB)Progress (1): quarkus-vertx-http-deployment-1.12.0.Final.jar (1.7/1.7 MB)Progress (1): quarkus-vertx-http-deployment-1.12.0.Final.jar (1.7/1.7 MB)Progress (1): quarkus-vertx-http-deployment-1.12.0.Final.jar (1.7/1.7 MB)Progress (1): quarkus-vertx-http-deployment-1.12.0.Final.jar (1.7/1.7 MB)Progress (1): quarkus-vertx-http-deployment-1.12.0.Final.jar (1.7/1.7 MB)Progress (1): quarkus-vertx-http-deployment-1.12.0.Final.jar (1.7/1.7 MB)Progress (1): quarkus-vertx-http-deployment-1.12.0.Final.jar (1.7 MB)                                                                         Downloaded from central: https://repo.maven.apache.org/maven2/io/quarkus/quarkus-vertx-http-deployment/1.12.0.Final/quarkus-vertx-http-deployment-1.12.0.Final.jar (1.7 MB at 2.1 MB/s)
Downloading from central: https://repo.maven.apache.org/maven2/io/quarkus/quarkus-bom-quarkus-platform-properties/1.12.0.Final/quarkus-bom-quarkus-platform-properties-1.12.0.Final.properties
Progress (1): quarkus-bom-quarkus-platform-properties-1.12.0.Final.properties (92 B)                                                                                    Downloaded from central: https://repo.maven.apache.org/maven2/io/quarkus/quarkus-bom-quarkus-platform-properties/1.12.0.Final/quarkus-bom-quarkus-platform-properties-1.12.0.Final.properties (92 B at 1.7 kB/s)
2021-02-24 10:02:03,199 WARN  [io.qua.dep.QuarkusAugmentor] (main) Using Java versions older than 11 to build Quarkus applications is deprecated and will be disallowed in a future release!
2021-02-24 10:02:05,411 INFO  [io.quarkus] (main) Quarkus 1.12.0.Final on JVM started in 2.307s. Listening on: http://localhost:8081
2021-02-24 10:02:05,411 INFO  [io.quarkus] (main) Profile test activated. 
2021-02-24 10:02:05,411 INFO  [io.quarkus] (main) Installed features: [cdi, mutiny, resteasy, resteasy-mutiny, smallrye-context-propagation]
]]></system-out>
  </testcase>
  <testcase name="testGreetingEndpoint" classname="org.acme.getting.started.async.GreetingResourceTest" time="0.037"/>
</testsuite>